
> hrms-frontend@1.0.0 dev
> next dev

  ▲ Next.js 14.2.35
  - Local:        http://localhost:3000
  - Environments: .env.local

 ✓ Starting...
 ✓ Ready in 3s
 ✓ Compiled /middleware in 245ms (72 modules)
 ○ Compiling / ...
 ✓ Compiled / in 14.9s (5593 modules)
(node:29315) Warning: `--localstorage-file` was provided without a valid path
(Use `node --trace-warnings ...` to show where the warning was created)
 GET / 200 in 15603ms
 ✓ Compiled in 1046ms (2507 modules)
 ✓ Compiled in 194ms (2493 modules)
 GET / 200 in 129ms
 ○ Compiling /auth/login ...
 ✓ Compiled /auth/login in 1445ms (5597 modules)
 GET /auth/login 200 in 124ms
 GET /auth/login 200 in 69ms
 GET /auth/login 200 in 149ms
 ○ Compiling /me/dashboard ...
 ✓ Compiled /me/dashboard in 1727ms (5972 modules)
 ✓ Compiled in 3.9s (2723 modules)
 ✓ Compiled in 3s (5978 modules)
 ✓ Compiled in 2.8s (5978 modules)
 ✓ Compiled in 3s (5978 modules)
 ✓ Compiled in 901ms (2710 modules)
 ✓ Compiled in 731ms (2710 modules)
 GET /me/dashboard 200 in 364ms
 ⨯ ./app/globals.css.webpack[javascript/auto]!=!./node_modules/next/dist/build/webpack/loaders/css-loader/src/index.js??ruleSet[1].rules[14].oneOf[12].use[2]!./node_modules/next/dist/build/webpack/loaders/postcss-loader/src/index.js??ruleSet[1].rules[14].oneOf[12].use[3]!./app/globals.css
SyntaxError: Unexpected token, expected ";" (301:10)
Import trace for requested module:
./app/globals.css.webpack[javascript/auto]!=!./node_modules/next/dist/build/webpack/loaders/css-loader/src/index.js??ruleSet[1].rules[14].oneOf[12].use[2]!./node_modules/next/dist/build/webpack/loaders/postcss-loader/src/index.js??ruleSet[1].rules[14].oneOf[12].use[3]!./app/globals.css
./app/globals.css
 ○ Compiling /_error ...
 ⨯ ./app/globals.css:126:5
Syntax error: /Users/fayaz.m/IdeaProjects/nulogic/nu-aura/frontend/app/globals.css The `dark:border-surface-700` class does not exist. If `dark:border-surface-700` is a custom class, make sure it is defined within a `@layer` directive.

  124 |   /* Card Component */
  125 |   .card {
> 126 |     @apply rounded-lg border border-gray-200 bg-white shadow-sm dark:border-surface-700 dark:bg-surface-800 transition-all duration-300 ease-smooth;
      |     ^
  127 |   }
  128 |
 GET /me/dashboard 500 in 5019ms
<w> [webpack.cache.PackFileCacheStrategy] Skipped not serializable cache item 'Compilation/modules|/Users/fayaz.m/IdeaProjects/nulogic/nu-aura/frontend/node_modules/next/dist/build/webpack/loaders/css-loader/src/index.js??ruleSet[1].rules[14].oneOf[12].use[2]!/Users/fayaz.m/IdeaProjects/nulogic/nu-aura/frontend/node_modules/next/dist/build/webpack/loaders/postcss-loader/src/index.js??ruleSet[1].rules[14].oneOf[12].use[3]!/Users/fayaz.m/IdeaProjects/nulogic/nu-aura/frontend/app/globals.css': No serializer registered for PostCSSSyntaxError
<w> while serializing webpack/lib/cache/PackFileCacheStrategy.PackContentItems -> webpack/lib/NormalModule -> webpack/lib/ModuleBuildError -> PostCSSSyntaxError
 ✓ Compiled /_error in 1701ms (3308 modules)
 GET /me/dashboard 500 in 101ms
 ⨯ ./app/globals.css:126:5
Syntax error: /Users/fayaz.m/IdeaProjects/nulogic/nu-aura/frontend/app/globals.css The `dark:border-surface-700` class does not exist. If `dark:border-surface-700` is a custom class, make sure it is defined within a `@layer` directive.

  124 |   /* Card Component */
  125 |   .card {
> 126 |     @apply rounded-lg border border-gray-200 bg-white shadow-sm dark:border-surface-700 dark:bg-surface-800 transition-all duration-300 ease-smooth;
      |     ^
  127 |   }
  128 |
 ⨯ ./app/globals.css:126:5
Syntax error: /Users/fayaz.m/IdeaProjects/nulogic/nu-aura/frontend/app/globals.css The `dark:border-surface-700` class does not exist. If `dark:border-surface-700` is a custom class, make sure it is defined within a `@layer` directive.

  124 |   /* Card Component */
  125 |   .card {
> 126 |     @apply rounded-lg border border-gray-200 bg-white shadow-sm dark:border-surface-700 dark:bg-surface-800 transition-all duration-300 ease-smooth;
      |     ^
  127 |   }
  128 |
 ⨯ ./app/globals.css:126:5
Syntax error: /Users/fayaz.m/IdeaProjects/nulogic/nu-aura/frontend/app/globals.css The `dark:border-surface-700` class does not exist. If `dark:border-surface-700` is a custom class, make sure it is defined within a `@layer` directive.

  124 |   /* Card Component */
  125 |   .card {
> 126 |     @apply rounded-lg border border-gray-200 bg-white shadow-sm dark:border-surface-700 dark:bg-surface-800 transition-all duration-300 ease-smooth;
      |     ^
  127 |   }
  128 |
 ⨯ ./app/globals.css:126:5
Syntax error: /Users/fayaz.m/IdeaProjects/nulogic/nu-aura/frontend/app/globals.css The `dark:border-surface-700` class does not exist. If `dark:border-surface-700` is a custom class, make sure it is defined within a `@layer` directive.

  124 |   /* Card Component */
  125 |   .card {
> 126 |     @apply rounded-lg border border-gray-200 bg-white shadow-sm dark:border-surface-700 dark:bg-surface-800 transition-all duration-300 ease-smooth;
      |     ^
  127 |   }
  128 |
 ⨯ ./app/globals.css:126:5
Syntax error: /Users/fayaz.m/IdeaProjects/nulogic/nu-aura/frontend/app/globals.css The `dark:border-surface-700` class does not exist. If `dark:border-surface-700` is a custom class, make sure it is defined within a `@layer` directive.

  124 |   /* Card Component */
  125 |   .card {
> 126 |     @apply rounded-lg border border-gray-200 bg-white shadow-sm dark:border-surface-700 dark:bg-surface-800 transition-all duration-300 ease-smooth;
      |     ^
  127 |   }
  128 |
 ⨯ ./app/globals.css:126:5
Syntax error: /Users/fayaz.m/IdeaProjects/nulogic/nu-aura/frontend/app/globals.css The `dark:border-surface-700` class does not exist. If `dark:border-surface-700` is a custom class, make sure it is defined within a `@layer` directive.

  124 |   /* Card Component */
  125 |   .card {
> 126 |     @apply rounded-lg border border-gray-200 bg-white shadow-sm dark:border-surface-700 dark:bg-surface-800 transition-all duration-300 ease-smooth;
      |     ^
  127 |   }
  128 |
 ⨯ ./app/globals.css:126:5
Syntax error: /Users/fayaz.m/IdeaProjects/nulogic/nu-aura/frontend/app/globals.css The `dark:border-surface-700` class does not exist. If `dark:border-surface-700` is a custom class, make sure it is defined within a `@layer` directive.

  124 |   /* Card Component */
  125 |   .card {
> 126 |     @apply rounded-lg border border-gray-200 bg-white shadow-sm dark:border-surface-700 dark:bg-surface-800 transition-all duration-300 ease-smooth;
      |     ^
  127 |   }
  128 |
 GET /me/dashboard 500 in 94ms
 GET /me/dashboard 500 in 71ms
 ⨯ ./app/globals.css:126:5
Syntax error: /Users/fayaz.m/IdeaProjects/nulogic/nu-aura/frontend/app/globals.css The `dark:border-surface-700` class does not exist. If `dark:border-surface-700` is a custom class, make sure it is defined within a `@layer` directive.

  124 |   /* Card Component */
  125 |   .card {
> 126 |     @apply rounded-lg border border-gray-200 bg-white shadow-sm dark:border-surface-700 dark:bg-surface-800 transition-all duration-300 ease-smooth;
      |     ^
  127 |   }
  128 |
 ⨯ ./app/globals.css:126:5
Syntax error: /Users/fayaz.m/IdeaProjects/nulogic/nu-aura/frontend/app/globals.css The `dark:border-surface-700` class does not exist. If `dark:border-surface-700` is a custom class, make sure it is defined within a `@layer` directive.

  124 |   /* Card Component */
  125 |   .card {
> 126 |     @apply rounded-lg border border-gray-200 bg-white shadow-sm dark:border-surface-700 dark:bg-surface-800 transition-all duration-300 ease-smooth;
      |     ^
  127 |   }
  128 |
 ⨯ ./app/globals.css:126:5
Syntax error: /Users/fayaz.m/IdeaProjects/nulogic/nu-aura/frontend/app/globals.css The `dark:border-surface-700` class does not exist. If `dark:border-surface-700` is a custom class, make sure it is defined within a `@layer` directive.

  124 |   /* Card Component */
  125 |   .card {
> 126 |     @apply rounded-lg border border-gray-200 bg-white shadow-sm dark:border-surface-700 dark:bg-surface-800 transition-all duration-300 ease-smooth;
      |     ^
  127 |   }
  128 |
 ⨯ ./app/globals.css:126:5
Syntax error: /Users/fayaz.m/IdeaProjects/nulogic/nu-aura/frontend/app/globals.css The `dark:border-surface-700` class does not exist. If `dark:border-surface-700` is a custom class, make sure it is defined within a `@layer` directive.

  124 |   /* Card Component */
  125 |   .card {
> 126 |     @apply rounded-lg border border-gray-200 bg-white shadow-sm dark:border-surface-700 dark:bg-surface-800 transition-all duration-300 ease-smooth;
      |     ^
  127 |   }
  128 |
 ⨯ ./app/globals.css:126:5
Syntax error: /Users/fayaz.m/IdeaProjects/nulogic/nu-aura/frontend/app/globals.css The `dark:border-surface-700` class does not exist. If `dark:border-surface-700` is a custom class, make sure it is defined within a `@layer` directive.

  124 |   /* Card Component */
  125 |   .card {
> 126 |     @apply rounded-lg border border-gray-200 bg-white shadow-sm dark:border-surface-700 dark:bg-surface-800 transition-all duration-300 ease-smooth;
      |     ^
  127 |   }
  128 |
 ⨯ ./app/globals.css:126:5
Syntax error: /Users/fayaz.m/IdeaProjects/nulogic/nu-aura/frontend/app/globals.css The `dark:border-surface-700` class does not exist. If `dark:border-surface-700` is a custom class, make sure it is defined within a `@layer` directive.

  124 |   /* Card Component */
  125 |   .card {
> 126 |     @apply rounded-lg border border-gray-200 bg-white shadow-sm dark:border-surface-700 dark:bg-surface-800 transition-all duration-300 ease-smooth;
      |     ^
  127 |   }
  128 |
 ⨯ ./app/globals.css:126:5
Syntax error: /Users/fayaz.m/IdeaProjects/nulogic/nu-aura/frontend/app/globals.css The `dark:border-surface-700` class does not exist. If `dark:border-surface-700` is a custom class, make sure it is defined within a `@layer` directive.

  124 |   /* Card Component */
  125 |   .card {
> 126 |     @apply rounded-lg border border-gray-200 bg-white shadow-sm dark:border-surface-700 dark:bg-surface-800 transition-all duration-300 ease-smooth;
      |     ^
  127 |   }
  128 |
 ⨯ ./app/globals.css:126:5
Syntax error: /Users/fayaz.m/IdeaProjects/nulogic/nu-aura/frontend/app/globals.css The `dark:border-surface-700` class does not exist. If `dark:border-surface-700` is a custom class, make sure it is defined within a `@layer` directive.

  124 |   /* Card Component */
  125 |   .card {
> 126 |     @apply rounded-lg border border-gray-200 bg-white shadow-sm dark:border-surface-700 dark:bg-surface-800 transition-all duration-300 ease-smooth;
      |     ^
  127 |   }
  128 |
 ⨯ ./app/globals.css:126:5
Syntax error: /Users/fayaz.m/IdeaProjects/nulogic/nu-aura/frontend/app/globals.css The `dark:border-surface-700` class does not exist. If `dark:border-surface-700` is a custom class, make sure it is defined within a `@layer` directive.

  124 |   /* Card Component */
  125 |   .card {
> 126 |     @apply rounded-lg border border-gray-200 bg-white shadow-sm dark:border-surface-700 dark:bg-surface-800 transition-all duration-300 ease-smooth;
      |     ^
  127 |   }
  128 |
 ⨯ ./app/globals.css:126:5
Syntax error: /Users/fayaz.m/IdeaProjects/nulogic/nu-aura/frontend/app/globals.css The `dark:border-surface-700` class does not exist. If `dark:border-surface-700` is a custom class, make sure it is defined within a `@layer` directive.

  124 |   /* Card Component */
  125 |   .card {
> 126 |     @apply rounded-lg border border-gray-200 bg-white shadow-sm dark:border-surface-700 dark:bg-surface-800 transition-all duration-300 ease-smooth;
      |     ^
  127 |   }
  128 |
 ⨯ ./app/globals.css:126:5
Syntax error: /Users/fayaz.m/IdeaProjects/nulogic/nu-aura/frontend/app/globals.css The `dark:border-surface-700` class does not exist. If `dark:border-surface-700` is a custom class, make sure it is defined within a `@layer` directive.

  124 |   /* Card Component */
  125 |   .card {
> 126 |     @apply rounded-lg border border-gray-200 bg-white shadow-sm dark:border-surface-700 dark:bg-surface-800 transition-all duration-300 ease-smooth;
      |     ^
  127 |   }
  128 |
 ⨯ ./app/globals.css:126:5
Syntax error: /Users/fayaz.m/IdeaProjects/nulogic/nu-aura/frontend/app/globals.css The `dark:border-surface-700` class does not exist. If `dark:border-surface-700` is a custom class, make sure it is defined within a `@layer` directive.

  124 |   /* Card Component */
  125 |   .card {
> 126 |     @apply rounded-lg border border-gray-200 bg-white shadow-sm dark:border-surface-700 dark:bg-surface-800 transition-all duration-300 ease-smooth;
      |     ^
  127 |   }
  128 |
 ⨯ ./app/globals.css:126:5
Syntax error: /Users/fayaz.m/IdeaProjects/nulogic/nu-aura/frontend/app/globals.css The `dark:border-surface-700` class does not exist. If `dark:border-surface-700` is a custom class, make sure it is defined within a `@layer` directive.

  124 |   /* Card Component */
  125 |   .card {
> 126 |     @apply rounded-lg border border-gray-200 bg-white shadow-sm dark:border-surface-700 dark:bg-surface-800 transition-all duration-300 ease-smooth;
      |     ^
  127 |   }
  128 |
 ⨯ ./app/globals.css:126:5
Syntax error: /Users/fayaz.m/IdeaProjects/nulogic/nu-aura/frontend/app/globals.css The `dark:border-surface-700` class does not exist. If `dark:border-surface-700` is a custom class, make sure it is defined within a `@layer` directive.

  124 |   /* Card Component */
  125 |   .card {
> 126 |     @apply rounded-lg border border-gray-200 bg-white shadow-sm dark:border-surface-700 dark:bg-surface-800 transition-all duration-300 ease-smooth;
      |     ^
  127 |   }
  128 |
 ⨯ ./app/globals.css:126:5
Syntax error: /Users/fayaz.m/IdeaProjects/nulogic/nu-aura/frontend/app/globals.css The `dark:border-surface-700` class does not exist. If `dark:border-surface-700` is a custom class, make sure it is defined within a `@layer` directive.

  124 |   /* Card Component */
  125 |   .card {
> 126 |     @apply rounded-lg border border-gray-200 bg-white shadow-sm dark:border-surface-700 dark:bg-surface-800 transition-all duration-300 ease-smooth;
      |     ^
  127 |   }
  128 |
 ⨯ ./app/globals.css:126:5
Syntax error: /Users/fayaz.m/IdeaProjects/nulogic/nu-aura/frontend/app/globals.css The `dark:border-surface-700` class does not exist. If `dark:border-surface-700` is a custom class, make sure it is defined within a `@layer` directive.

  124 |   /* Card Component */
  125 |   .card {
> 126 |     @apply rounded-lg border border-gray-200 bg-white shadow-sm dark:border-surface-700 dark:bg-surface-800 transition-all duration-300 ease-smooth;
      |     ^
  127 |   }
  128 |
 ⨯ ./app/globals.css:126:5
Syntax error: /Users/fayaz.m/IdeaProjects/nulogic/nu-aura/frontend/app/globals.css The `dark:border-surface-700` class does not exist. If `dark:border-surface-700` is a custom class, make sure it is defined within a `@layer` directive.

  124 |   /* Card Component */
  125 |   .card {
> 126 |     @apply rounded-lg border border-gray-200 bg-white shadow-sm dark:border-surface-700 dark:bg-surface-800 transition-all duration-300 ease-smooth;
      |     ^
  127 |   }
  128 |
 ⨯ ./app/globals.css:126:5
Syntax error: /Users/fayaz.m/IdeaProjects/nulogic/nu-aura/frontend/app/globals.css The `dark:border-surface-700` class does not exist. If `dark:border-surface-700` is a custom class, make sure it is defined within a `@layer` directive.

  124 |   /* Card Component */
  125 |   .card {
> 126 |     @apply rounded-lg border border-gray-200 bg-white shadow-sm dark:border-surface-700 dark:bg-surface-800 transition-all duration-300 ease-smooth;
      |     ^
  127 |   }
  128 |
 GET /me/dashboard 500 in 120ms
 ⨯ ./app/globals.css:126:5
Syntax error: /Users/fayaz.m/IdeaProjects/nulogic/nu-aura/frontend/app/globals.css The `dark:border-surface-700` class does not exist. If `dark:border-surface-700` is a custom class, make sure it is defined within a `@layer` directive.

  124 |   /* Card Component */
  125 |   .card {
> 126 |     @apply rounded-lg border border-gray-200 bg-white shadow-sm dark:border-surface-700 dark:bg-surface-800 transition-all duration-300 ease-smooth;
      |     ^
  127 |   }
  128 |
 ⨯ ./app/globals.css:126:5
Syntax error: /Users/fayaz.m/IdeaProjects/nulogic/nu-aura/frontend/app/globals.css The `dark:border-surface-700` class does not exist. If `dark:border-surface-700` is a custom class, make sure it is defined within a `@layer` directive.

  124 |   /* Card Component */
  125 |   .card {
> 126 |     @apply rounded-lg border border-gray-200 bg-white shadow-sm dark:border-surface-700 dark:bg-surface-800 transition-all duration-300 ease-smooth;
      |     ^
  127 |   }
  128 |
 ⨯ ./app/globals.css:126:5
Syntax error: /Users/fayaz.m/IdeaProjects/nulogic/nu-aura/frontend/app/globals.css The `dark:border-surface-700` class does not exist. If `dark:border-surface-700` is a custom class, make sure it is defined within a `@layer` directive.

  124 |   /* Card Component */
  125 |   .card {
> 126 |     @apply rounded-lg border border-gray-200 bg-white shadow-sm dark:border-surface-700 dark:bg-surface-800 transition-all duration-300 ease-smooth;
      |     ^
  127 |   }
  128 |
 ⨯ ./app/globals.css:126:5
Syntax error: /Users/fayaz.m/IdeaProjects/nulogic/nu-aura/frontend/app/globals.css The `dark:border-surface-700` class does not exist. If `dark:border-surface-700` is a custom class, make sure it is defined within a `@layer` directive.

  124 |   /* Card Component */
  125 |   .card {
> 126 |     @apply rounded-lg border border-gray-200 bg-white shadow-sm dark:border-surface-700 dark:bg-surface-800 transition-all duration-300 ease-smooth;
      |     ^
  127 |   }
  128 |
 ⨯ ./app/globals.css:126:5
Syntax error: /Users/fayaz.m/IdeaProjects/nulogic/nu-aura/frontend/app/globals.css The `dark:border-surface-700` class does not exist. If `dark:border-surface-700` is a custom class, make sure it is defined within a `@layer` directive.

  124 |   /* Card Component */
  125 |   .card {
> 126 |     @apply rounded-lg border border-gray-200 bg-white shadow-sm dark:border-surface-700 dark:bg-surface-800 transition-all duration-300 ease-smooth;
      |     ^
  127 |   }
  128 |
 ⨯ ./app/globals.css:126:5
Syntax error: /Users/fayaz.m/IdeaProjects/nulogic/nu-aura/frontend/app/globals.css The `dark:border-surface-700` class does not exist. If `dark:border-surface-700` is a custom class, make sure it is defined within a `@layer` directive.

  124 |   /* Card Component */
  125 |   .card {
> 126 |     @apply rounded-lg border border-gray-200 bg-white shadow-sm dark:border-surface-700 dark:bg-surface-800 transition-all duration-300 ease-smooth;
      |     ^
  127 |   }
  128 |
 ⨯ ./app/globals.css:126:5
Syntax error: /Users/fayaz.m/IdeaProjects/nulogic/nu-aura/frontend/app/globals.css The `dark:border-surface-700` class does not exist. If `dark:border-surface-700` is a custom class, make sure it is defined within a `@layer` directive.

  124 |   /* Card Component */
  125 |   .card {
> 126 |     @apply rounded-lg border border-gray-200 bg-white shadow-sm dark:border-surface-700 dark:bg-surface-800 transition-all duration-300 ease-smooth;
      |     ^
  127 |   }
  128 |
 ⨯ ./app/globals.css:126:5
Syntax error: /Users/fayaz.m/IdeaProjects/nulogic/nu-aura/frontend/app/globals.css The `dark:border-surface-700` class does not exist. If `dark:border-surface-700` is a custom class, make sure it is defined within a `@layer` directive.

  124 |   /* Card Component */
  125 |   .card {
> 126 |     @apply rounded-lg border border-gray-200 bg-white shadow-sm dark:border-surface-700 dark:bg-surface-800 transition-all duration-300 ease-smooth;
      |     ^
  127 |   }
  128 |
 ⨯ ./app/globals.css:126:5
Syntax error: /Users/fayaz.m/IdeaProjects/nulogic/nu-aura/frontend/app/globals.css The `dark:border-surface-700` class does not exist. If `dark:border-surface-700` is a custom class, make sure it is defined within a `@layer` directive.

  124 |   /* Card Component */
  125 |   .card {
> 126 |     @apply rounded-lg border border-gray-200 bg-white shadow-sm dark:border-surface-700 dark:bg-surface-800 transition-all duration-300 ease-smooth;
      |     ^
  127 |   }
  128 |
 ⨯ ./app/globals.css:126:5
Syntax error: /Users/fayaz.m/IdeaProjects/nulogic/nu-aura/frontend/app/globals.css The `dark:border-surface-700` class does not exist. If `dark:border-surface-700` is a custom class, make sure it is defined within a `@layer` directive.

  124 |   /* Card Component */
  125 |   .card {
> 126 |     @apply rounded-lg border border-gray-200 bg-white shadow-sm dark:border-surface-700 dark:bg-surface-800 transition-all duration-300 ease-smooth;
      |     ^
  127 |   }
  128 |
 ⨯ ./app/globals.css:126:5
Syntax error: /Users/fayaz.m/IdeaProjects/nulogic/nu-aura/frontend/app/globals.css The `dark:border-surface-700` class does not exist. If `dark:border-surface-700` is a custom class, make sure it is defined within a `@layer` directive.

  124 |   /* Card Component */
  125 |   .card {
> 126 |     @apply rounded-lg border border-gray-200 bg-white shadow-sm dark:border-surface-700 dark:bg-surface-800 transition-all duration-300 ease-smooth;
      |     ^
  127 |   }
  128 |
 ⨯ ./app/globals.css:126:5
Syntax error: /Users/fayaz.m/IdeaProjects/nulogic/nu-aura/frontend/app/globals.css The `dark:border-surface-700` class does not exist. If `dark:border-surface-700` is a custom class, make sure it is defined within a `@layer` directive.

  124 |   /* Card Component */
  125 |   .card {
> 126 |     @apply rounded-lg border border-gray-200 bg-white shadow-sm dark:border-surface-700 dark:bg-surface-800 transition-all duration-300 ease-smooth;
      |     ^
  127 |   }
  128 |
 ⨯ ./app/globals.css:126:5
Syntax error: /Users/fayaz.m/IdeaProjects/nulogic/nu-aura/frontend/app/globals.css The `dark:border-surface-700` class does not exist. If `dark:border-surface-700` is a custom class, make sure it is defined within a `@layer` directive.

  124 |   /* Card Component */
  125 |   .card {
> 126 |     @apply rounded-lg border border-gray-200 bg-white shadow-sm dark:border-surface-700 dark:bg-surface-800 transition-all duration-300 ease-smooth;
      |     ^
  127 |   }
  128 |
 ⨯ ./app/globals.css:126:5
Syntax error: /Users/fayaz.m/IdeaProjects/nulogic/nu-aura/frontend/app/globals.css The `dark:border-surface-700` class does not exist. If `dark:border-surface-700` is a custom class, make sure it is defined within a `@layer` directive.

  124 |   /* Card Component */
  125 |   .card {
> 126 |     @apply rounded-lg border border-gray-200 bg-white shadow-sm dark:border-surface-700 dark:bg-surface-800 transition-all duration-300 ease-smooth;
      |     ^
  127 |   }
  128 |
 ⨯ ./app/globals.css:126:5
Syntax error: /Users/fayaz.m/IdeaProjects/nulogic/nu-aura/frontend/app/globals.css The `dark:border-surface-700` class does not exist. If `dark:border-surface-700` is a custom class, make sure it is defined within a `@layer` directive.

  124 |   /* Card Component */
  125 |   .card {
> 126 |     @apply rounded-lg border border-gray-200 bg-white shadow-sm dark:border-surface-700 dark:bg-surface-800 transition-all duration-300 ease-smooth;
      |     ^
  127 |   }
  128 |
<w> [webpack.cache.PackFileCacheStrategy] Skipped not serializable cache item 'Compilation/modules|/Users/fayaz.m/IdeaProjects/nulogic/nu-aura/frontend/node_modules/next/dist/build/webpack/loaders/css-loader/src/index.js??ruleSet[1].rules[14].oneOf[12].use[2]!/Users/fayaz.m/IdeaProjects/nulogic/nu-aura/frontend/node_modules/next/dist/build/webpack/loaders/postcss-loader/src/index.js??ruleSet[1].rules[14].oneOf[12].use[3]!/Users/fayaz.m/IdeaProjects/nulogic/nu-aura/frontend/app/globals.css': No serializer registered for PostCSSSyntaxError
<w> while serializing webpack/lib/cache/PackFileCacheStrategy.PackContentItems -> webpack/lib/NormalModule -> webpack/lib/ModuleBuildError -> PostCSSSyntaxError
 GET /me/dashboard 500 in 92ms
 ⨯ ./app/globals.css:138:5
Syntax error: /Users/fayaz.m/IdeaProjects/nulogic/nu-aura/frontend/app/globals.css The `glass-midnight` class does not exist. If `glass-midnight` is a custom class, make sure it is defined within a `@layer` directive.

  136 | 
  137 |   .card-glass {
> 138 |     @apply rounded-lg glass-midnight shadow-lg backdrop-blur-xl border border-white/10;
      |     ^
  139 |   }
  140 |
 GET /me/dashboard 500 in 78ms
 ⨯ ./app/globals.css:138:5
Syntax error: /Users/fayaz.m/IdeaProjects/nulogic/nu-aura/frontend/app/globals.css The `glass-midnight` class does not exist. If `glass-midnight` is a custom class, make sure it is defined within a `@layer` directive.

  136 | 
  137 |   .card-glass {
> 138 |     @apply rounded-lg glass-midnight shadow-lg backdrop-blur-xl border border-white/10;
      |     ^
  139 |   }
  140 |
 GET /me/dashboard 500 in 68ms
 ⨯ ./app/globals.css:138:5
Syntax error: /Users/fayaz.m/IdeaProjects/nulogic/nu-aura/frontend/app/globals.css The `glass-midnight` class does not exist. If `glass-midnight` is a custom class, make sure it is defined within a `@layer` directive.

  136 | 
  137 |   .card-glass {
> 138 |     @apply rounded-lg glass-midnight shadow-lg backdrop-blur-xl border border-white/10;
      |     ^
  139 |   }
  140 |
 GET /me/dashboard 500 in 87ms
 GET /me/dashboard 500 in 86ms
 ⨯ ./app/globals.css:138:5
Syntax error: /Users/fayaz.m/IdeaProjects/nulogic/nu-aura/frontend/app/globals.css The `glass-midnight` class does not exist. If `glass-midnight` is a custom class, make sure it is defined within a `@layer` directive.

  136 | 
  137 |   .card-glass {
> 138 |     @apply rounded-lg glass-midnight shadow-lg backdrop-blur-xl border border-white/10;
      |     ^
  139 |   }
  140 |
 GET /me/dashboard 500 in 74ms
 ⨯ ./app/globals.css:126:5
Syntax error: /Users/fayaz.m/IdeaProjects/nulogic/nu-aura/frontend/app/globals.css The `dark:border-surface-700` class does not exist. If `dark:border-surface-700` is a custom class, make sure it is defined within a `@layer` directive.

  124 |   /* Card Component */
  125 |   .card {
> 126 |     @apply rounded-lg border border-gray-200 bg-white shadow-sm dark:border-surface-700 dark:bg-surface-800;
      |     ^
  127 |   }
  128 |
 GET /me/dashboard 500 in 79ms
 ⨯ ./app/globals.css:129:5
Syntax error: /Users/fayaz.m/IdeaProjects/nulogic/nu-aura/frontend/app/globals.css The `dark:border-surface-700` class does not exist. If `dark:border-surface-700` is a custom class, make sure it is defined within a `@layer` directive.

  127 |   /* Card Component */
  128 |   .card {
> 129 |     @apply rounded-lg border border-gray-200 bg-white shadow-sm dark:border-surface-700 dark:bg-surface-800;
      |     ^
  130 |   }
  131 |
 GET /me/dashboard 500 in 75ms
<w> [webpack.cache.PackFileCacheStrategy] Skipped not serializable cache item 'Compilation/modules|/Users/fayaz.m/IdeaProjects/nulogic/nu-aura/frontend/node_modules/next/dist/build/webpack/loaders/css-loader/src/index.js??ruleSet[1].rules[14].oneOf[12].use[2]!/Users/fayaz.m/IdeaProjects/nulogic/nu-aura/frontend/node_modules/next/dist/build/webpack/loaders/postcss-loader/src/index.js??ruleSet[1].rules[14].oneOf[12].use[3]!/Users/fayaz.m/IdeaProjects/nulogic/nu-aura/frontend/app/globals.css': No serializer registered for PostCSSSyntaxError
<w> while serializing webpack/lib/cache/PackFileCacheStrategy.PackContentItems -> webpack/lib/NormalModule -> webpack/lib/ModuleBuildError -> PostCSSSyntaxError
 ⨯ ./app/globals.css:129:5
Syntax error: /Users/fayaz.m/IdeaProjects/nulogic/nu-aura/frontend/app/globals.css The `dark:border-surface-700` class does not exist. If `dark:border-surface-700` is a custom class, make sure it is defined within a `@layer` directive.

  127 |   /* Card Component */
  128 |   .card {
> 129 |     @apply rounded-lg border border-gray-200 bg-white shadow-sm dark:border-surface-700 dark:bg-surface-800;
      |     ^
  130 |   }
  131 |
 GET /me/dashboard 500 in 94ms
 ⨯ ./app/globals.css:129:5
Syntax error: /Users/fayaz.m/IdeaProjects/nulogic/nu-aura/frontend/app/globals.css The `dark:border-surface-700` class does not exist. If `dark:border-surface-700` is a custom class, make sure it is defined within a `@layer` directive.

  127 |   /* Card Component */
  128 |   .card {
> 129 |     @apply rounded-lg border border-gray-200 bg-white shadow-sm dark:border-surface-700 dark:bg-surface-800;
      |     ^
  130 |   }
  131 |
 GET /me/dashboard 500 in 121ms
 ⨯ ./app/globals.css:264:5
Syntax error: /Users/fayaz.m/IdeaProjects/nulogic/nu-aura/frontend/app/globals.css The `dark:border-surface-700` class does not exist. If `dark:border-surface-700` is a custom class, make sure it is defined within a `@layer` directive.

  262 |   .table th,
  263 |   .table td {
> 264 |     @apply border-b border-gray-200 p-4 dark:border-surface-700;
      |     ^
  265 |   }
  266 |
 GET /me/dashboard 500 in 83ms
 ⨯ ./app/globals.css:264:5
Syntax error: /Users/fayaz.m/IdeaProjects/nulogic/nu-aura/frontend/app/globals.css The `dark:border-surface-700` class does not exist. If `dark:border-surface-700` is a custom class, make sure it is defined within a `@layer` directive.

  262 |   .table th,
  263 |   .table td {
> 264 |     @apply border-b border-gray-200 p-4 dark:border-surface-700;
      |     ^
  265 |   }
  266 |
 GET /me/dashboard 500 in 80ms
 ⨯ ./app/globals.css:264:5
Syntax error: /Users/fayaz.m/IdeaProjects/nulogic/nu-aura/frontend/app/globals.css The `dark:border-surface-700` class does not exist. If `dark:border-surface-700` is a custom class, make sure it is defined within a `@layer` directive.

  262 |   .table th,
  263 |   .table td {
> 264 |     @apply border-b border-gray-200 p-4 dark:border-surface-700;
      |     ^
  265 |   }
  266 |
 GET /me/dashboard 500 in 90ms
<w> [webpack.cache.PackFileCacheStrategy] Skipped not serializable cache item 'Compilation/modules|/Users/fayaz.m/IdeaProjects/nulogic/nu-aura/frontend/node_modules/next/dist/build/webpack/loaders/css-loader/src/index.js??ruleSet[1].rules[14].oneOf[12].use[2]!/Users/fayaz.m/IdeaProjects/nulogic/nu-aura/frontend/node_modules/next/dist/build/webpack/loaders/postcss-loader/src/index.js??ruleSet[1].rules[14].oneOf[12].use[3]!/Users/fayaz.m/IdeaProjects/nulogic/nu-aura/frontend/app/globals.css': No serializer registered for PostCSSSyntaxError
<w> while serializing webpack/lib/cache/PackFileCacheStrategy.PackContentItems -> webpack/lib/NormalModule -> webpack/lib/ModuleBuildError -> PostCSSSyntaxError
 GET /me/dashboard 500 in 78ms
 ⨯ ./app/globals.css:89:3
Syntax error: /Users/fayaz.m/IdeaProjects/nulogic/nu-aura/frontend/app/globals.css The `bg-brand-100` class does not exist. If `bg-brand-100` is a custom class, make sure it is defined within a `@layer` directive.

  87 | 
  88 | ::selection {
> 89 |   @apply bg-brand-100 text-brand-900;
     |   ^
  90 | }
  91 |
 GET /me/dashboard 500 in 53ms
<w> [webpack.cache.PackFileCacheStrategy] Skipped not serializable cache item 'Compilation/modules|/Users/fayaz.m/IdeaProjects/nulogic/nu-aura/frontend/node_modules/next/dist/build/webpack/loaders/css-loader/src/index.js??ruleSet[1].rules[14].oneOf[12].use[2]!/Users/fayaz.m/IdeaProjects/nulogic/nu-aura/frontend/node_modules/next/dist/build/webpack/loaders/postcss-loader/src/index.js??ruleSet[1].rules[14].oneOf[12].use[3]!/Users/fayaz.m/IdeaProjects/nulogic/nu-aura/frontend/app/globals.css': No serializer registered for PostCSSSyntaxError
<w> while serializing webpack/lib/cache/PackFileCacheStrategy.PackContentItems -> webpack/lib/NormalModule -> webpack/lib/ModuleBuildError -> PostCSSSyntaxError
 ⨯ ./app/globals.css:510:3
Syntax error: /Users/fayaz.m/IdeaProjects/nulogic/nu-aura/frontend/app/globals.css The `accent-brand-500` class does not exist. If `accent-brand-500` is a custom class, make sure it is defined within a `@layer` directive.

  508 | 
  509 | .tiptap-editor ul[data-type='taskList'] input[type='checkbox'] {
> 510 |   @apply w-4 h-4 rounded accent-brand-500 cursor-pointer;
      |   ^
  511 | }
  512 |
 GET /me/dashboard 500 in 78ms
 ⨯ ./app/globals.css:524:3
Syntax error: /Users/fayaz.m/IdeaProjects/nulogic/nu-aura/frontend/app/globals.css The `dark:bg-surface-700` class does not exist. If `dark:bg-surface-700` is a custom class, make sure it is defined within a `@layer` directive.

  522 | /* Code */
  523 | .tiptap-editor code {
> 524 |   @apply px-2 py-1 rounded bg-gray-100 dark:bg-surface-700 text-sm font-mono text-red-600 dark:text-red-400;
      |   ^
  525 | }
  526 |
 GET /me/dashboard 500 in 180ms
<w> [webpack.cache.PackFileCacheStrategy] Skipped not serializable cache item 'Compilation/modules|/Users/fayaz.m/IdeaProjects/nulogic/nu-aura/frontend/node_modules/next/dist/build/webpack/loaders/css-loader/src/index.js??ruleSet[1].rules[14].oneOf[12].use[2]!/Users/fayaz.m/IdeaProjects/nulogic/nu-aura/frontend/node_modules/next/dist/build/webpack/loaders/postcss-loader/src/index.js??ruleSet[1].rules[14].oneOf[12].use[3]!/Users/fayaz.m/IdeaProjects/nulogic/nu-aura/frontend/app/globals.css': No serializer registered for PostCSSSyntaxError
<w> while serializing webpack/lib/cache/PackFileCacheStrategy.PackContentItems -> webpack/lib/NormalModule -> webpack/lib/ModuleBuildError -> PostCSSSyntaxError
 ⨯ ./app/globals.css:524:3
Syntax error: /Users/fayaz.m/IdeaProjects/nulogic/nu-aura/frontend/app/globals.css The `dark:bg-surface-700` class does not exist. If `dark:bg-surface-700` is a custom class, make sure it is defined within a `@layer` directive.

  522 | /* Code */
  523 | .tiptap-editor code {
> 524 |   @apply px-2 py-1 rounded bg-gray-100 dark:bg-surface-700 text-sm font-mono text-red-600 dark:text-red-400;
      |   ^
  525 | }
  526 |
 GET /me/dashboard 500 in 74ms
 ⨯ ./styles/aura-midnight.css:1:1
Syntax error: /Users/fayaz.m/IdeaProjects/nulogic/nu-aura/frontend/styles/aura-midnight.css `@layer utilities` is used but no matching `@tailwind utilities` directive is present.

> 1 | @layer utilities {
    | ^
  2 |   /* AURA Midnight Glassmorphism */
  3 |   .glass-midnight {
 ⨯ ./styles/aura-midnight.css:1:1
Syntax error: /Users/fayaz.m/IdeaProjects/nulogic/nu-aura/frontend/styles/aura-midnight.css `@layer utilities` is used but no matching `@tailwind utilities` directive is present.

> 1 | @layer utilities {
    | ^
  2 |   /* AURA Midnight Glassmorphism */
  3 |   .glass-midnight {
 GET /me/dashboard 500 in 235ms
[Error: ENOENT: no such file or directory, stat '/Users/fayaz.m/IdeaProjects/nulogic/nu-aura/frontend/.next/cache/webpack/client-development/0.pack.gz'] {
  errno: -2,
  code: 'ENOENT',
  syscall: 'stat',
  path: '/Users/fayaz.m/IdeaProjects/nulogic/nu-aura/frontend/.next/cache/webpack/client-development/0.pack.gz'
}
 ⨯ unhandledRejection: [Error: ENOENT: no such file or directory, stat '/Users/fayaz.m/IdeaProjects/nulogic/nu-aura/frontend/.next/cache/webpack/client-development/0.pack.gz'] {
  errno: -2,
  code: 'ENOENT',
  syscall: 'stat',
  path: '/Users/fayaz.m/IdeaProjects/nulogic/nu-aura/frontend/.next/cache/webpack/client-development/0.pack.gz'
}
 ⨯ unhandledRejection: [Error: ENOENT: no such file or directory, stat '/Users/fayaz.m/IdeaProjects/nulogic/nu-aura/frontend/.next/cache/webpack/client-development/0.pack.gz'] {
  errno: -2,
  code: 'ENOENT',
  syscall: 'stat',
  path: '/Users/fayaz.m/IdeaProjects/nulogic/nu-aura/frontend/.next/cache/webpack/client-development/0.pack.gz'
}
<w> [webpack.cache.PackFileCacheStrategy] Skipped not serializable cache item 'Compilation/modules|/Users/fayaz.m/IdeaProjects/nulogic/nu-aura/frontend/node_modules/next/dist/build/webpack/loaders/css-loader/src/index.js??ruleSet[1].rules[14].oneOf[12].use[2]!/Users/fayaz.m/IdeaProjects/nulogic/nu-aura/frontend/node_modules/next/dist/build/webpack/loaders/postcss-loader/src/index.js??ruleSet[1].rules[14].oneOf[12].use[3]!/Users/fayaz.m/IdeaProjects/nulogic/nu-aura/frontend/styles/aura-midnight.css': No serializer registered for PostCSSSyntaxError
<w> while serializing webpack/lib/cache/PackFileCacheStrategy.PackContentItems -> webpack/lib/NormalModule -> webpack/lib/ModuleBuildError -> PostCSSSyntaxError
<w> [webpack.cache.PackFileCacheStrategy] Serializing big strings (327kiB) impacts deserialization performance (consider using Buffer instead and decode when needed)
<w> [webpack.cache.PackFileCacheStrategy] Serializing big strings (327kiB) impacts deserialization performance (consider using Buffer instead and decode when needed)
<w> [webpack.cache.PackFileCacheStrategy] Serializing big strings (332kiB) impacts deserialization performance (consider using Buffer instead and decode when needed)
<w> [webpack.cache.PackFileCacheStrategy] Caching failed for pack: Error: ENOENT: no such file or directory, stat '/Users/fayaz.m/IdeaProjects/nulogic/nu-aura/frontend/.next/cache/webpack/client-development/0.pack.gz'
 ✓ Compiled in 2.7s (6204 modules)
 ○ Compiling /_not-found ...
 ✓ Compiled /_not-found in 674ms (6192 modules)
 ⨯ Error: Cannot find module './1682.js'
Require stack:
- /Users/fayaz.m/IdeaProjects/nulogic/nu-aura/frontend/.next/server/webpack-runtime.js
- /Users/fayaz.m/IdeaProjects/nulogic/nu-aura/frontend/.next/server/app/_not-found/page.js
- /Users/fayaz.m/IdeaProjects/nulogic/nu-aura/frontend/node_modules/next/dist/server/require.js
- /Users/fayaz.m/IdeaProjects/nulogic/nu-aura/frontend/node_modules/next/dist/server/load-components.js
- /Users/fayaz.m/IdeaProjects/nulogic/nu-aura/frontend/node_modules/next/dist/build/utils.js
- /Users/fayaz.m/IdeaProjects/nulogic/nu-aura/frontend/node_modules/next/dist/server/dev/hot-middleware.js
- /Users/fayaz.m/IdeaProjects/nulogic/nu-aura/frontend/node_modules/next/dist/server/dev/hot-reloader-webpack.js
- /Users/fayaz.m/IdeaProjects/nulogic/nu-aura/frontend/node_modules/next/dist/server/lib/router-utils/setup-dev-bundler.js
- /Users/fayaz.m/IdeaProjects/nulogic/nu-aura/frontend/node_modules/next/dist/server/lib/router-server.js
- /Users/fayaz.m/IdeaProjects/nulogic/nu-aura/frontend/node_modules/next/dist/server/lib/start-server.js
    at Module._resolveFilename (node:internal/modules/cjs/loader:1447:15)
    at /Users/fayaz.m/IdeaProjects/nulogic/nu-aura/frontend/node_modules/next/dist/server/require-hook.js:55:36
    at defaultResolveImpl (node:internal/modules/cjs/loader:1058:19)
    at resolveForCJSWithHooks (node:internal/modules/cjs/loader:1063:22)
    at Module._load (node:internal/modules/cjs/loader:1233:25)
    at TracingChannel.traceSync (node:diagnostics_channel:328:14)
    at wrapModuleLoad (node:internal/modules/cjs/loader:245:24)
    at Module.require (node:internal/modules/cjs/loader:1547:12)
    at mod.require (/Users/fayaz.m/IdeaProjects/nulogic/nu-aura/frontend/node_modules/next/dist/server/require-hook.js:65:28)
    at require (node:internal/modules/helpers:152:16)
    at __webpack_require__.f.require (/Users/fayaz.m/IdeaProjects/nulogic/nu-aura/frontend/.next/server/webpack-runtime.js:203:28)
    at /Users/fayaz.m/IdeaProjects/nulogic/nu-aura/frontend/.next/server/webpack-runtime.js:111:40
    at Array.reduce (<anonymous>)
    at __webpack_require__.e (/Users/fayaz.m/IdeaProjects/nulogic/nu-aura/frontend/.next/server/webpack-runtime.js:110:67)
    at Array.map (<anonymous>)
    at __webpack_require__.X (/Users/fayaz.m/IdeaProjects/nulogic/nu-aura/frontend/.next/server/webpack-runtime.js:162:22)
    at /Users/fayaz.m/IdeaProjects/nulogic/nu-aura/frontend/.next/server/pages/_document.js:1:340
    at Object.<anonymous> (/Users/fayaz.m/IdeaProjects/nulogic/nu-aura/frontend/.next/server/pages/_document.js:1:383)
    at Module._compile (node:internal/modules/cjs/loader:1803:14)
    at Module._extensions..js (node:internal/modules/cjs/loader:1934:10)
    at Module.load (node:internal/modules/cjs/loader:1524:32)
    at Module._load (node:internal/modules/cjs/loader:1326:12)
    at TracingChannel.traceSync (node:diagnostics_channel:328:14)
    at wrapModuleLoad (node:internal/modules/cjs/loader:245:24)
    at Module.require (node:internal/modules/cjs/loader:1547:12)
    at mod.require (/Users/fayaz.m/IdeaProjects/nulogic/nu-aura/frontend/node_modules/next/dist/server/require-hook.js:65:28)
    at require (node:internal/modules/helpers:152:16)
    at requirePage (/Users/fayaz.m/IdeaProjects/nulogic/nu-aura/frontend/node_modules/next/dist/server/require.js:109:84)
    at /Users/fayaz.m/IdeaProjects/nulogic/nu-aura/frontend/node_modules/next/dist/server/load-components.js:72:65
    at async Promise.all (index 0)
    at async loadComponentsImpl (/Users/fayaz.m/IdeaProjects/nulogic/nu-aura/frontend/node_modules/next/dist/server/load-components.js:71:33)
    at async DevServer.findPageComponentsImpl (/Users/fayaz.m/IdeaProjects/nulogic/nu-aura/frontend/node_modules/next/dist/server/next-server.js:714:36) {
  code: 'MODULE_NOT_FOUND',
  requireStack: [
    '/Users/fayaz.m/IdeaProjects/nulogic/nu-aura/frontend/.next/server/webpack-runtime.js',
    '/Users/fayaz.m/IdeaProjects/nulogic/nu-aura/frontend/.next/server/app/_not-found/page.js',
    '/Users/fayaz.m/IdeaProjects/nulogic/nu-aura/frontend/node_modules/next/dist/server/require.js',
    '/Users/fayaz.m/IdeaProjects/nulogic/nu-aura/frontend/node_modules/next/dist/server/load-components.js',
    '/Users/fayaz.m/IdeaProjects/nulogic/nu-aura/frontend/node_modules/next/dist/build/utils.js',
    '/Users/fayaz.m/IdeaProjects/nulogic/nu-aura/frontend/node_modules/next/dist/server/dev/hot-middleware.js',
    '/Users/fayaz.m/IdeaProjects/nulogic/nu-aura/frontend/node_modules/next/dist/server/dev/hot-reloader-webpack.js',
    '/Users/fayaz.m/IdeaProjects/nulogic/nu-aura/frontend/node_modules/next/dist/server/lib/router-utils/setup-dev-bundler.js',
    '/Users/fayaz.m/IdeaProjects/nulogic/nu-aura/frontend/node_modules/next/dist/server/lib/router-server.js',
    '/Users/fayaz.m/IdeaProjects/nulogic/nu-aura/frontend/node_modules/next/dist/server/lib/start-server.js'
  ]
}
 GET /_next/static/webpack/d95843410fd0babb.webpack.hot-update.json 500 in 761ms
 ⚠ Fast Refresh had to perform a full reload due to a runtime error.
 GET /me/dashboard 404 in 799ms
 ⨯ Error: Cannot find module './1682.js'
Require stack:
- /Users/fayaz.m/IdeaProjects/nulogic/nu-aura/frontend/.next/server/webpack-runtime.js
- /Users/fayaz.m/IdeaProjects/nulogic/nu-aura/frontend/.next/server/app/_not-found/page.js
- /Users/fayaz.m/IdeaProjects/nulogic/nu-aura/frontend/node_modules/next/dist/server/require.js
- /Users/fayaz.m/IdeaProjects/nulogic/nu-aura/frontend/node_modules/next/dist/server/load-components.js
- /Users/fayaz.m/IdeaProjects/nulogic/nu-aura/frontend/node_modules/next/dist/build/utils.js
- /Users/fayaz.m/IdeaProjects/nulogic/nu-aura/frontend/node_modules/next/dist/server/dev/hot-middleware.js
- /Users/fayaz.m/IdeaProjects/nulogic/nu-aura/frontend/node_modules/next/dist/server/dev/hot-reloader-webpack.js
- /Users/fayaz.m/IdeaProjects/nulogic/nu-aura/frontend/node_modules/next/dist/server/lib/router-utils/setup-dev-bundler.js
- /Users/fayaz.m/IdeaProjects/nulogic/nu-aura/frontend/node_modules/next/dist/server/lib/router-server.js
- /Users/fayaz.m/IdeaProjects/nulogic/nu-aura/frontend/node_modules/next/dist/server/lib/start-server.js
    at Module._resolveFilename (node:internal/modules/cjs/loader:1447:15)
    at /Users/fayaz.m/IdeaProjects/nulogic/nu-aura/frontend/node_modules/next/dist/server/require-hook.js:55:36
    at defaultResolveImpl (node:internal/modules/cjs/loader:1058:19)
    at resolveForCJSWithHooks (node:internal/modules/cjs/loader:1063:22)
    at Module._load (node:internal/modules/cjs/loader:1233:25)
    at TracingChannel.traceSync (node:diagnostics_channel:328:14)
    at wrapModuleLoad (node:internal/modules/cjs/loader:245:24)
    at Module.require (node:internal/modules/cjs/loader:1547:12)
    at mod.require (/Users/fayaz.m/IdeaProjects/nulogic/nu-aura/frontend/node_modules/next/dist/server/require-hook.js:65:28)
    at require (node:internal/modules/helpers:152:16)
    at __webpack_require__.f.require (/Users/fayaz.m/IdeaProjects/nulogic/nu-aura/frontend/.next/server/webpack-runtime.js:203:28)
    at /Users/fayaz.m/IdeaProjects/nulogic/nu-aura/frontend/.next/server/webpack-runtime.js:111:40
    at Array.reduce (<anonymous>)
    at __webpack_require__.e (/Users/fayaz.m/IdeaProjects/nulogic/nu-aura/frontend/.next/server/webpack-runtime.js:110:67)
    at Array.map (<anonymous>)
    at __webpack_require__.X (/Users/fayaz.m/IdeaProjects/nulogic/nu-aura/frontend/.next/server/webpack-runtime.js:162:22)
    at /Users/fayaz.m/IdeaProjects/nulogic/nu-aura/frontend/.next/server/pages/_document.js:1:340
    at Object.<anonymous> (/Users/fayaz.m/IdeaProjects/nulogic/nu-aura/frontend/.next/server/pages/_document.js:1:383)
    at Module._compile (node:internal/modules/cjs/loader:1803:14)
    at Module._extensions..js (node:internal/modules/cjs/loader:1934:10)
    at Module.load (node:internal/modules/cjs/loader:1524:32)
    at Module._load (node:internal/modules/cjs/loader:1326:12)
    at TracingChannel.traceSync (node:diagnostics_channel:328:14)
    at wrapModuleLoad (node:internal/modules/cjs/loader:245:24)
    at Module.require (node:internal/modules/cjs/loader:1547:12)
    at mod.require (/Users/fayaz.m/IdeaProjects/nulogic/nu-aura/frontend/node_modules/next/dist/server/require-hook.js:65:28)
    at require (node:internal/modules/helpers:152:16)
    at requirePage (/Users/fayaz.m/IdeaProjects/nulogic/nu-aura/frontend/node_modules/next/dist/server/require.js:109:84)
    at /Users/fayaz.m/IdeaProjects/nulogic/nu-aura/frontend/node_modules/next/dist/server/load-components.js:72:65
    at async Promise.all (index 0)
    at async loadComponentsImpl (/Users/fayaz.m/IdeaProjects/nulogic/nu-aura/frontend/node_modules/next/dist/server/load-components.js:71:33)
    at async DevServer.findPageComponentsImpl (/Users/fayaz.m/IdeaProjects/nulogic/nu-aura/frontend/node_modules/next/dist/server/next-server.js:714:36) {
  code: 'MODULE_NOT_FOUND',
  requireStack: [
    '/Users/fayaz.m/IdeaProjects/nulogic/nu-aura/frontend/.next/server/webpack-runtime.js',
    '/Users/fayaz.m/IdeaProjects/nulogic/nu-aura/frontend/.next/server/app/_not-found/page.js',
    '/Users/fayaz.m/IdeaProjects/nulogic/nu-aura/frontend/node_modules/next/dist/server/require.js',
    '/Users/fayaz.m/IdeaProjects/nulogic/nu-aura/frontend/node_modules/next/dist/server/load-components.js',
    '/Users/fayaz.m/IdeaProjects/nulogic/nu-aura/frontend/node_modules/next/dist/build/utils.js',
    '/Users/fayaz.m/IdeaProjects/nulogic/nu-aura/frontend/node_modules/next/dist/server/dev/hot-middleware.js',
    '/Users/fayaz.m/IdeaProjects/nulogic/nu-aura/frontend/node_modules/next/dist/server/dev/hot-reloader-webpack.js',
    '/Users/fayaz.m/IdeaProjects/nulogic/nu-aura/frontend/node_modules/next/dist/server/lib/router-utils/setup-dev-bundler.js',
    '/Users/fayaz.m/IdeaProjects/nulogic/nu-aura/frontend/node_modules/next/dist/server/lib/router-server.js',
    '/Users/fayaz.m/IdeaProjects/nulogic/nu-aura/frontend/node_modules/next/dist/server/lib/start-server.js'
  ]
}
 ⨯ Error: Cannot find module './1682.js'
Require stack:
- /Users/fayaz.m/IdeaProjects/nulogic/nu-aura/frontend/.next/server/webpack-runtime.js
- /Users/fayaz.m/IdeaProjects/nulogic/nu-aura/frontend/.next/server/app/_not-found/page.js
- /Users/fayaz.m/IdeaProjects/nulogic/nu-aura/frontend/node_modules/next/dist/server/require.js
- /Users/fayaz.m/IdeaProjects/nulogic/nu-aura/frontend/node_modules/next/dist/server/load-components.js
- /Users/fayaz.m/IdeaProjects/nulogic/nu-aura/frontend/node_modules/next/dist/build/utils.js
- /Users/fayaz.m/IdeaProjects/nulogic/nu-aura/frontend/node_modules/next/dist/server/dev/hot-middleware.js
- /Users/fayaz.m/IdeaProjects/nulogic/nu-aura/frontend/node_modules/next/dist/server/dev/hot-reloader-webpack.js
- /Users/fayaz.m/IdeaProjects/nulogic/nu-aura/frontend/node_modules/next/dist/server/lib/router-utils/setup-dev-bundler.js
- /Users/fayaz.m/IdeaProjects/nulogic/nu-aura/frontend/node_modules/next/dist/server/lib/router-server.js
- /Users/fayaz.m/IdeaProjects/nulogic/nu-aura/frontend/node_modules/next/dist/server/lib/start-server.js
    at Module._resolveFilename (node:internal/modules/cjs/loader:1447:15)
    at /Users/fayaz.m/IdeaProjects/nulogic/nu-aura/frontend/node_modules/next/dist/server/require-hook.js:55:36
    at defaultResolveImpl (node:internal/modules/cjs/loader:1058:19)
    at resolveForCJSWithHooks (node:internal/modules/cjs/loader:1063:22)
    at Module._load (node:internal/modules/cjs/loader:1233:25)
    at TracingChannel.traceSync (node:diagnostics_channel:328:14)
    at wrapModuleLoad (node:internal/modules/cjs/loader:245:24)
    at Module.require (node:internal/modules/cjs/loader:1547:12)
    at mod.require (/Users/fayaz.m/IdeaProjects/nulogic/nu-aura/frontend/node_modules/next/dist/server/require-hook.js:65:28)
    at require (node:internal/modules/helpers:152:16)
    at __webpack_require__.f.require (/Users/fayaz.m/IdeaProjects/nulogic/nu-aura/frontend/.next/server/webpack-runtime.js:203:28)
    at /Users/fayaz.m/IdeaProjects/nulogic/nu-aura/frontend/.next/server/webpack-runtime.js:111:40
    at Array.reduce (<anonymous>)
    at __webpack_require__.e (/Users/fayaz.m/IdeaProjects/nulogic/nu-aura/frontend/.next/server/webpack-runtime.js:110:67)
    at Array.map (<anonymous>)
    at __webpack_require__.X (/Users/fayaz.m/IdeaProjects/nulogic/nu-aura/frontend/.next/server/webpack-runtime.js:162:22)
    at /Users/fayaz.m/IdeaProjects/nulogic/nu-aura/frontend/.next/server/pages/_document.js:1:340
    at Object.<anonymous> (/Users/fayaz.m/IdeaProjects/nulogic/nu-aura/frontend/.next/server/pages/_document.js:1:383)
    at Module._compile (node:internal/modules/cjs/loader:1803:14)
    at Module._extensions..js (node:internal/modules/cjs/loader:1934:10)
    at Module.load (node:internal/modules/cjs/loader:1524:32)
    at Module._load (node:internal/modules/cjs/loader:1326:12)
    at TracingChannel.traceSync (node:diagnostics_channel:328:14)
    at wrapModuleLoad (node:internal/modules/cjs/loader:245:24)
    at Module.require (node:internal/modules/cjs/loader:1547:12)
    at mod.require (/Users/fayaz.m/IdeaProjects/nulogic/nu-aura/frontend/node_modules/next/dist/server/require-hook.js:65:28)
    at require (node:internal/modules/helpers:152:16)
    at requirePage (/Users/fayaz.m/IdeaProjects/nulogic/nu-aura/frontend/node_modules/next/dist/server/require.js:109:84)
    at /Users/fayaz.m/IdeaProjects/nulogic/nu-aura/frontend/node_modules/next/dist/server/load-components.js:72:65
    at async Promise.all (index 0)
    at async loadComponentsImpl (/Users/fayaz.m/IdeaProjects/nulogic/nu-aura/frontend/node_modules/next/dist/server/load-components.js:71:33)
    at async DevServer.findPageComponentsImpl (/Users/fayaz.m/IdeaProjects/nulogic/nu-aura/frontend/node_modules/next/dist/server/next-server.js:714:36) {
  code: 'MODULE_NOT_FOUND',
  requireStack: [
    '/Users/fayaz.m/IdeaProjects/nulogic/nu-aura/frontend/.next/server/webpack-runtime.js',
    '/Users/fayaz.m/IdeaProjects/nulogic/nu-aura/frontend/.next/server/app/_not-found/page.js',
    '/Users/fayaz.m/IdeaProjects/nulogic/nu-aura/frontend/node_modules/next/dist/server/require.js',
    '/Users/fayaz.m/IdeaProjects/nulogic/nu-aura/frontend/node_modules/next/dist/server/load-components.js',
    '/Users/fayaz.m/IdeaProjects/nulogic/nu-aura/frontend/node_modules/next/dist/build/utils.js',
    '/Users/fayaz.m/IdeaProjects/nulogic/nu-aura/frontend/node_modules/next/dist/server/dev/hot-middleware.js',
    '/Users/fayaz.m/IdeaProjects/nulogic/nu-aura/frontend/node_modules/next/dist/server/dev/hot-reloader-webpack.js',
    '/Users/fayaz.m/IdeaProjects/nulogic/nu-aura/frontend/node_modules/next/dist/server/lib/router-utils/setup-dev-bundler.js',
    '/Users/fayaz.m/IdeaProjects/nulogic/nu-aura/frontend/node_modules/next/dist/server/lib/router-server.js',
    '/Users/fayaz.m/IdeaProjects/nulogic/nu-aura/frontend/node_modules/next/dist/server/lib/start-server.js'
  ]
}
 GET /me/dashboard 500 in 102ms
 ✓ Compiled in 2.2s (6206 modules)
 ⨯ Error: Cannot find module './1682.js'
Require stack:
- /Users/fayaz.m/IdeaProjects/nulogic/nu-aura/frontend/.next/server/webpack-runtime.js
- /Users/fayaz.m/IdeaProjects/nulogic/nu-aura/frontend/.next/server/app/_not-found/page.js
- /Users/fayaz.m/IdeaProjects/nulogic/nu-aura/frontend/node_modules/next/dist/server/require.js
- /Users/fayaz.m/IdeaProjects/nulogic/nu-aura/frontend/node_modules/next/dist/server/load-components.js
- /Users/fayaz.m/IdeaProjects/nulogic/nu-aura/frontend/node_modules/next/dist/build/utils.js
- /Users/fayaz.m/IdeaProjects/nulogic/nu-aura/frontend/node_modules/next/dist/server/dev/hot-middleware.js
- /Users/fayaz.m/IdeaProjects/nulogic/nu-aura/frontend/node_modules/next/dist/server/dev/hot-reloader-webpack.js
- /Users/fayaz.m/IdeaProjects/nulogic/nu-aura/frontend/node_modules/next/dist/server/lib/router-utils/setup-dev-bundler.js
- /Users/fayaz.m/IdeaProjects/nulogic/nu-aura/frontend/node_modules/next/dist/server/lib/router-server.js
- /Users/fayaz.m/IdeaProjects/nulogic/nu-aura/frontend/node_modules/next/dist/server/lib/start-server.js
    at Module._resolveFilename (node:internal/modules/cjs/loader:1447:15)
    at /Users/fayaz.m/IdeaProjects/nulogic/nu-aura/frontend/node_modules/next/dist/server/require-hook.js:55:36
    at defaultResolveImpl (node:internal/modules/cjs/loader:1058:19)
    at resolveForCJSWithHooks (node:internal/modules/cjs/loader:1063:22)
    at Module._load (node:internal/modules/cjs/loader:1233:25)
    at TracingChannel.traceSync (node:diagnostics_channel:328:14)
    at wrapModuleLoad (node:internal/modules/cjs/loader:245:24)
    at Module.require (node:internal/modules/cjs/loader:1547:12)
    at mod.require (/Users/fayaz.m/IdeaProjects/nulogic/nu-aura/frontend/node_modules/next/dist/server/require-hook.js:65:28)
    at require (node:internal/modules/helpers:152:16)
    at __webpack_require__.f.require (/Users/fayaz.m/IdeaProjects/nulogic/nu-aura/frontend/.next/server/webpack-runtime.js:203:28)
    at /Users/fayaz.m/IdeaProjects/nulogic/nu-aura/frontend/.next/server/webpack-runtime.js:111:40
    at Array.reduce (<anonymous>)
    at __webpack_require__.e (/Users/fayaz.m/IdeaProjects/nulogic/nu-aura/frontend/.next/server/webpack-runtime.js:110:67)
    at Array.map (<anonymous>)
    at __webpack_require__.X (/Users/fayaz.m/IdeaProjects/nulogic/nu-aura/frontend/.next/server/webpack-runtime.js:162:22)
    at /Users/fayaz.m/IdeaProjects/nulogic/nu-aura/frontend/.next/server/pages/_document.js:1:340
    at Object.<anonymous> (/Users/fayaz.m/IdeaProjects/nulogic/nu-aura/frontend/.next/server/pages/_document.js:1:383)
    at Module._compile (node:internal/modules/cjs/loader:1803:14)
    at Module._extensions..js (node:internal/modules/cjs/loader:1934:10)
    at Module.load (node:internal/modules/cjs/loader:1524:32)
    at Module._load (node:internal/modules/cjs/loader:1326:12)
    at TracingChannel.traceSync (node:diagnostics_channel:328:14)
    at wrapModuleLoad (node:internal/modules/cjs/loader:245:24)
    at Module.require (node:internal/modules/cjs/loader:1547:12)
    at mod.require (/Users/fayaz.m/IdeaProjects/nulogic/nu-aura/frontend/node_modules/next/dist/server/require-hook.js:65:28)
    at require (node:internal/modules/helpers:152:16)
    at requirePage (/Users/fayaz.m/IdeaProjects/nulogic/nu-aura/frontend/node_modules/next/dist/server/require.js:109:84)
    at /Users/fayaz.m/IdeaProjects/nulogic/nu-aura/frontend/node_modules/next/dist/server/load-components.js:72:65
    at async Promise.all (index 0)
    at async loadComponentsImpl (/Users/fayaz.m/IdeaProjects/nulogic/nu-aura/frontend/node_modules/next/dist/server/load-components.js:71:33)
    at async DevServer.findPageComponentsImpl (/Users/fayaz.m/IdeaProjects/nulogic/nu-aura/frontend/node_modules/next/dist/server/next-server.js:714:36) {
  code: 'MODULE_NOT_FOUND',
  requireStack: [
    '/Users/fayaz.m/IdeaProjects/nulogic/nu-aura/frontend/.next/server/webpack-runtime.js',
    '/Users/fayaz.m/IdeaProjects/nulogic/nu-aura/frontend/.next/server/app/_not-found/page.js',
    '/Users/fayaz.m/IdeaProjects/nulogic/nu-aura/frontend/node_modules/next/dist/server/require.js',
    '/Users/fayaz.m/IdeaProjects/nulogic/nu-aura/frontend/node_modules/next/dist/server/load-components.js',
    '/Users/fayaz.m/IdeaProjects/nulogic/nu-aura/frontend/node_modules/next/dist/build/utils.js',
    '/Users/fayaz.m/IdeaProjects/nulogic/nu-aura/frontend/node_modules/next/dist/server/dev/hot-middleware.js',
    '/Users/fayaz.m/IdeaProjects/nulogic/nu-aura/frontend/node_modules/next/dist/server/dev/hot-reloader-webpack.js',
    '/Users/fayaz.m/IdeaProjects/nulogic/nu-aura/frontend/node_modules/next/dist/server/lib/router-utils/setup-dev-bundler.js',
    '/Users/fayaz.m/IdeaProjects/nulogic/nu-aura/frontend/node_modules/next/dist/server/lib/router-server.js',
    '/Users/fayaz.m/IdeaProjects/nulogic/nu-aura/frontend/node_modules/next/dist/server/lib/start-server.js'
  ]
}
 ⚠ Fast Refresh had to perform a full reload due to a runtime error.
 GET /_next/static/webpack/d95843410fd0babb.webpack.hot-update.json 500 in 76ms
 ⨯ Error: Cannot find module './1682.js'
Require stack:
- /Users/fayaz.m/IdeaProjects/nulogic/nu-aura/frontend/.next/server/webpack-runtime.js
- /Users/fayaz.m/IdeaProjects/nulogic/nu-aura/frontend/.next/server/app/_not-found/page.js
- /Users/fayaz.m/IdeaProjects/nulogic/nu-aura/frontend/node_modules/next/dist/server/require.js
- /Users/fayaz.m/IdeaProjects/nulogic/nu-aura/frontend/node_modules/next/dist/server/load-components.js
- /Users/fayaz.m/IdeaProjects/nulogic/nu-aura/frontend/node_modules/next/dist/build/utils.js
- /Users/fayaz.m/IdeaProjects/nulogic/nu-aura/frontend/node_modules/next/dist/server/dev/hot-middleware.js
- /Users/fayaz.m/IdeaProjects/nulogic/nu-aura/frontend/node_modules/next/dist/server/dev/hot-reloader-webpack.js
- /Users/fayaz.m/IdeaProjects/nulogic/nu-aura/frontend/node_modules/next/dist/server/lib/router-utils/setup-dev-bundler.js
- /Users/fayaz.m/IdeaProjects/nulogic/nu-aura/frontend/node_modules/next/dist/server/lib/router-server.js
- /Users/fayaz.m/IdeaProjects/nulogic/nu-aura/frontend/node_modules/next/dist/server/lib/start-server.js
    at Module._resolveFilename (node:internal/modules/cjs/loader:1447:15)
    at /Users/fayaz.m/IdeaProjects/nulogic/nu-aura/frontend/node_modules/next/dist/server/require-hook.js:55:36
    at defaultResolveImpl (node:internal/modules/cjs/loader:1058:19)
    at resolveForCJSWithHooks (node:internal/modules/cjs/loader:1063:22)
    at Module._load (node:internal/modules/cjs/loader:1233:25)
    at TracingChannel.traceSync (node:diagnostics_channel:328:14)
    at wrapModuleLoad (node:internal/modules/cjs/loader:245:24)
    at Module.require (node:internal/modules/cjs/loader:1547:12)
    at mod.require (/Users/fayaz.m/IdeaProjects/nulogic/nu-aura/frontend/node_modules/next/dist/server/require-hook.js:65:28)
    at require (node:internal/modules/helpers:152:16)
    at __webpack_require__.f.require (/Users/fayaz.m/IdeaProjects/nulogic/nu-aura/frontend/.next/server/webpack-runtime.js:203:28)
    at /Users/fayaz.m/IdeaProjects/nulogic/nu-aura/frontend/.next/server/webpack-runtime.js:111:40
    at Array.reduce (<anonymous>)
    at __webpack_require__.e (/Users/fayaz.m/IdeaProjects/nulogic/nu-aura/frontend/.next/server/webpack-runtime.js:110:67)
    at Array.map (<anonymous>)
    at __webpack_require__.X (/Users/fayaz.m/IdeaProjects/nulogic/nu-aura/frontend/.next/server/webpack-runtime.js:162:22)
    at /Users/fayaz.m/IdeaProjects/nulogic/nu-aura/frontend/.next/server/pages/_document.js:1:340
    at Object.<anonymous> (/Users/fayaz.m/IdeaProjects/nulogic/nu-aura/frontend/.next/server/pages/_document.js:1:383)
    at Module._compile (node:internal/modules/cjs/loader:1803:14)
    at Module._extensions..js (node:internal/modules/cjs/loader:1934:10)
    at Module.load (node:internal/modules/cjs/loader:1524:32)
    at Module._load (node:internal/modules/cjs/loader:1326:12)
    at TracingChannel.traceSync (node:diagnostics_channel:328:14)
    at wrapModuleLoad (node:internal/modules/cjs/loader:245:24)
    at Module.require (node:internal/modules/cjs/loader:1547:12)
    at mod.require (/Users/fayaz.m/IdeaProjects/nulogic/nu-aura/frontend/node_modules/next/dist/server/require-hook.js:65:28)
    at require (node:internal/modules/helpers:152:16)
    at requirePage (/Users/fayaz.m/IdeaProjects/nulogic/nu-aura/frontend/node_modules/next/dist/server/require.js:109:84)
    at /Users/fayaz.m/IdeaProjects/nulogic/nu-aura/frontend/node_modules/next/dist/server/load-components.js:72:65
    at async Promise.all (index 0)
    at async loadComponentsImpl (/Users/fayaz.m/IdeaProjects/nulogic/nu-aura/frontend/node_modules/next/dist/server/load-components.js:71:33)
    at async DevServer.findPageComponentsImpl (/Users/fayaz.m/IdeaProjects/nulogic/nu-aura/frontend/node_modules/next/dist/server/next-server.js:714:36) {
  code: 'MODULE_NOT_FOUND',
  requireStack: [
    '/Users/fayaz.m/IdeaProjects/nulogic/nu-aura/frontend/.next/server/webpack-runtime.js',
    '/Users/fayaz.m/IdeaProjects/nulogic/nu-aura/frontend/.next/server/app/_not-found/page.js',
    '/Users/fayaz.m/IdeaProjects/nulogic/nu-aura/frontend/node_modules/next/dist/server/require.js',
    '/Users/fayaz.m/IdeaProjects/nulogic/nu-aura/frontend/node_modules/next/dist/server/load-components.js',
    '/Users/fayaz.m/IdeaProjects/nulogic/nu-aura/frontend/node_modules/next/dist/build/utils.js',
    '/Users/fayaz.m/IdeaProjects/nulogic/nu-aura/frontend/node_modules/next/dist/server/dev/hot-middleware.js',
    '/Users/fayaz.m/IdeaProjects/nulogic/nu-aura/frontend/node_modules/next/dist/server/dev/hot-reloader-webpack.js',
    '/Users/fayaz.m/IdeaProjects/nulogic/nu-aura/frontend/node_modules/next/dist/server/lib/router-utils/setup-dev-bundler.js',
    '/Users/fayaz.m/IdeaProjects/nulogic/nu-aura/frontend/node_modules/next/dist/server/lib/router-server.js',
    '/Users/fayaz.m/IdeaProjects/nulogic/nu-aura/frontend/node_modules/next/dist/server/lib/start-server.js'
  ]
}
 ⨯ Error: Cannot find module './1682.js'
Require stack:
- /Users/fayaz.m/IdeaProjects/nulogic/nu-aura/frontend/.next/server/webpack-runtime.js
- /Users/fayaz.m/IdeaProjects/nulogic/nu-aura/frontend/.next/server/app/_not-found/page.js
- /Users/fayaz.m/IdeaProjects/nulogic/nu-aura/frontend/node_modules/next/dist/server/require.js
- /Users/fayaz.m/IdeaProjects/nulogic/nu-aura/frontend/node_modules/next/dist/server/load-components.js
- /Users/fayaz.m/IdeaProjects/nulogic/nu-aura/frontend/node_modules/next/dist/build/utils.js
- /Users/fayaz.m/IdeaProjects/nulogic/nu-aura/frontend/node_modules/next/dist/server/dev/hot-middleware.js
- /Users/fayaz.m/IdeaProjects/nulogic/nu-aura/frontend/node_modules/next/dist/server/dev/hot-reloader-webpack.js
- /Users/fayaz.m/IdeaProjects/nulogic/nu-aura/frontend/node_modules/next/dist/server/lib/router-utils/setup-dev-bundler.js
- /Users/fayaz.m/IdeaProjects/nulogic/nu-aura/frontend/node_modules/next/dist/server/lib/router-server.js
- /Users/fayaz.m/IdeaProjects/nulogic/nu-aura/frontend/node_modules/next/dist/server/lib/start-server.js
    at Module._resolveFilename (node:internal/modules/cjs/loader:1447:15)
    at /Users/fayaz.m/IdeaProjects/nulogic/nu-aura/frontend/node_modules/next/dist/server/require-hook.js:55:36
    at defaultResolveImpl (node:internal/modules/cjs/loader:1058:19)
    at resolveForCJSWithHooks (node:internal/modules/cjs/loader:1063:22)
    at Module._load (node:internal/modules/cjs/loader:1233:25)
    at TracingChannel.traceSync (node:diagnostics_channel:328:14)
    at wrapModuleLoad (node:internal/modules/cjs/loader:245:24)
    at Module.require (node:internal/modules/cjs/loader:1547:12)
    at mod.require (/Users/fayaz.m/IdeaProjects/nulogic/nu-aura/frontend/node_modules/next/dist/server/require-hook.js:65:28)
    at require (node:internal/modules/helpers:152:16)
    at __webpack_require__.f.require (/Users/fayaz.m/IdeaProjects/nulogic/nu-aura/frontend/.next/server/webpack-runtime.js:203:28)
    at /Users/fayaz.m/IdeaProjects/nulogic/nu-aura/frontend/.next/server/webpack-runtime.js:111:40
    at Array.reduce (<anonymous>)
    at __webpack_require__.e (/Users/fayaz.m/IdeaProjects/nulogic/nu-aura/frontend/.next/server/webpack-runtime.js:110:67)
    at Array.map (<anonymous>)
    at __webpack_require__.X (/Users/fayaz.m/IdeaProjects/nulogic/nu-aura/frontend/.next/server/webpack-runtime.js:162:22)
    at /Users/fayaz.m/IdeaProjects/nulogic/nu-aura/frontend/.next/server/pages/_document.js:1:340
    at Object.<anonymous> (/Users/fayaz.m/IdeaProjects/nulogic/nu-aura/frontend/.next/server/pages/_document.js:1:383)
    at Module._compile (node:internal/modules/cjs/loader:1803:14)
    at Module._extensions..js (node:internal/modules/cjs/loader:1934:10)
    at Module.load (node:internal/modules/cjs/loader:1524:32)
    at Module._load (node:internal/modules/cjs/loader:1326:12)
    at TracingChannel.traceSync (node:diagnostics_channel:328:14)
    at wrapModuleLoad (node:internal/modules/cjs/loader:245:24)
    at Module.require (node:internal/modules/cjs/loader:1547:12)
    at mod.require (/Users/fayaz.m/IdeaProjects/nulogic/nu-aura/frontend/node_modules/next/dist/server/require-hook.js:65:28)
    at require (node:internal/modules/helpers:152:16)
    at requirePage (/Users/fayaz.m/IdeaProjects/nulogic/nu-aura/frontend/node_modules/next/dist/server/require.js:109:84)
    at /Users/fayaz.m/IdeaProjects/nulogic/nu-aura/frontend/node_modules/next/dist/server/load-components.js:72:65
    at async Promise.all (index 0)
    at async loadComponentsImpl (/Users/fayaz.m/IdeaProjects/nulogic/nu-aura/frontend/node_modules/next/dist/server/load-components.js:71:33)
    at async DevServer.findPageComponentsImpl (/Users/fayaz.m/IdeaProjects/nulogic/nu-aura/frontend/node_modules/next/dist/server/next-server.js:714:36) {
  code: 'MODULE_NOT_FOUND',
  requireStack: [
    '/Users/fayaz.m/IdeaProjects/nulogic/nu-aura/frontend/.next/server/webpack-runtime.js',
    '/Users/fayaz.m/IdeaProjects/nulogic/nu-aura/frontend/.next/server/app/_not-found/page.js',
    '/Users/fayaz.m/IdeaProjects/nulogic/nu-aura/frontend/node_modules/next/dist/server/require.js',
    '/Users/fayaz.m/IdeaProjects/nulogic/nu-aura/frontend/node_modules/next/dist/server/load-components.js',
    '/Users/fayaz.m/IdeaProjects/nulogic/nu-aura/frontend/node_modules/next/dist/build/utils.js',
    '/Users/fayaz.m/IdeaProjects/nulogic/nu-aura/frontend/node_modules/next/dist/server/dev/hot-middleware.js',
    '/Users/fayaz.m/IdeaProjects/nulogic/nu-aura/frontend/node_modules/next/dist/server/dev/hot-reloader-webpack.js',
    '/Users/fayaz.m/IdeaProjects/nulogic/nu-aura/frontend/node_modules/next/dist/server/lib/router-utils/setup-dev-bundler.js',
    '/Users/fayaz.m/IdeaProjects/nulogic/nu-aura/frontend/node_modules/next/dist/server/lib/router-server.js',
    '/Users/fayaz.m/IdeaProjects/nulogic/nu-aura/frontend/node_modules/next/dist/server/lib/start-server.js'
  ]
}
 GET /me/dashboard 500 in 79ms
<w> [webpack.cache.PackFileCacheStrategy] Caching failed for pack: Error: ENOENT: no such file or directory, stat '/Users/fayaz.m/IdeaProjects/nulogic/nu-aura/frontend/.next/cache/webpack/server-development/0.pack.gz'
 ⚠ Found a change in next.config.js. Restarting the server to apply the changes...
  ▲ Next.js 14.2.35
  - Local:        http://localhost:3000
  - Environments: .env.local

 ✓ Starting...
 ✓ Ready in 2.2s
 ○ Compiling /_not-found ...
 ✓ Compiled /_not-found in 13.3s (5587 modules)
Error: Cannot find module '/Users/fayaz.m/IdeaProjects/nulogic/nu-aura/frontend/.next/server/middleware-manifest.json'
Require stack:
- /Users/fayaz.m/IdeaProjects/nulogic/nu-aura/frontend/node_modules/next/dist/server/next-server.js
- /Users/fayaz.m/IdeaProjects/nulogic/nu-aura/frontend/node_modules/next/dist/server/dev/next-dev-server.js
- /Users/fayaz.m/IdeaProjects/nulogic/nu-aura/frontend/node_modules/next/dist/server/next.js
- /Users/fayaz.m/IdeaProjects/nulogic/nu-aura/frontend/node_modules/next/dist/server/lib/start-server.js
    at Module._resolveFilename (node:internal/modules/cjs/loader:1447:15)
    at /Users/fayaz.m/IdeaProjects/nulogic/nu-aura/frontend/node_modules/next/dist/server/require-hook.js:55:36
    at defaultResolveImpl (node:internal/modules/cjs/loader:1058:19)
    at resolveForCJSWithHooks (node:internal/modules/cjs/loader:1063:22)
    at Module._load (node:internal/modules/cjs/loader:1233:25)
    at TracingChannel.traceSync (node:diagnostics_channel:328:14)
    at wrapModuleLoad (node:internal/modules/cjs/loader:245:24)
    at Module.require (node:internal/modules/cjs/loader:1547:12)
    at mod.require (/Users/fayaz.m/IdeaProjects/nulogic/nu-aura/frontend/node_modules/next/dist/server/require-hook.js:65:28)
    at require (node:internal/modules/helpers:152:16)
    at DevServer.getMiddlewareManifest (/Users/fayaz.m/IdeaProjects/nulogic/nu-aura/frontend/node_modules/next/dist/server/next-server.js:938:26)
    at DevServer.getEdgeFunctionsPages (/Users/fayaz.m/IdeaProjects/nulogic/nu-aura/frontend/node_modules/next/dist/server/next-server.js:954:31)
    at DevServer.renderErrorToResponseImpl (/Users/fayaz.m/IdeaProjects/nulogic/nu-aura/frontend/node_modules/next/dist/server/next-server.js:913:22)
    at async pipe.req.req (/Users/fayaz.m/IdeaProjects/nulogic/nu-aura/frontend/node_modules/next/dist/server/base-server.js:2056:30)
    at async DevServer.pipeImpl (/Users/fayaz.m/IdeaProjects/nulogic/nu-aura/frontend/node_modules/next/dist/server/base-server.js:922:25)
    at async /Users/fayaz.m/IdeaProjects/nulogic/nu-aura/frontend/node_modules/next/dist/server/dev/next-dev-server.js:339:20
    at async Span.traceAsyncFn (/Users/fayaz.m/IdeaProjects/nulogic/nu-aura/frontend/node_modules/next/dist/trace/trace.js:154:20)
    at async DevServer.handleRequest (/Users/fayaz.m/IdeaProjects/nulogic/nu-aura/frontend/node_modules/next/dist/server/dev/next-dev-server.js:336:24)
    at async invokeRender (/Users/fayaz.m/IdeaProjects/nulogic/nu-aura/frontend/node_modules/next/dist/server/lib/router-server.js:179:21)
    at async handleRequest (/Users/fayaz.m/IdeaProjects/nulogic/nu-aura/frontend/node_modules/next/dist/server/lib/router-server.js:374:24)
    at async requestHandlerImpl (/Users/fayaz.m/IdeaProjects/nulogic/nu-aura/frontend/node_modules/next/dist/server/lib/router-server.js:383:13)
    at async Server.requestListener (/Users/fayaz.m/IdeaProjects/nulogic/nu-aura/frontend/node_modules/next/dist/server/lib/start-server.js:141:13) {
  code: 'MODULE_NOT_FOUND',
  requireStack: [
    '/Users/fayaz.m/IdeaProjects/nulogic/nu-aura/frontend/node_modules/next/dist/server/next-server.js',
    '/Users/fayaz.m/IdeaProjects/nulogic/nu-aura/frontend/node_modules/next/dist/server/dev/next-dev-server.js',
    '/Users/fayaz.m/IdeaProjects/nulogic/nu-aura/frontend/node_modules/next/dist/server/next.js',
    '/Users/fayaz.m/IdeaProjects/nulogic/nu-aura/frontend/node_modules/next/dist/server/lib/start-server.js'
  ]
}
 ○ Compiling /_error ...
 ✓ Compiled /_error in 7.2s (5777 modules)
 GET /_next/static/webpack/d95843410fd0babb.webpack.hot-update.json 500 in 20741ms
 GET /_next/static/webpack/d95843410fd0babb.webpack.hot-update.json 500 in 7412ms
 ⚠ Fast Refresh had to perform a full reload due to a runtime error.
 ✓ Compiled /middleware in 98ms (72 modules)
 ○ Compiling /me/dashboard ...
 ✓ Compiled /me/dashboard in 1324ms (6154 modules)
(node:52854) Warning: `--localstorage-file` was provided without a valid path
(Use `node --trace-warnings ...` to show where the warning was created)
 GET /me/dashboard 200 in 1811ms
 ✓ Compiled in 684ms (2878 modules)
 ✓ Compiled in 421ms (2878 modules)
 ✓ Compiled in 376ms (2878 modules)
 ○ Compiling /_error ...
 ✓ Compiled /_error in 1190ms (6154 modules)
 GET /me/dashboard 404 in 1507ms
 ⨯ Error: Cannot find module '/Users/fayaz.m/IdeaProjects/nulogic/nu-aura/frontend/.next/server/app/_not-found/page.js'
Require stack:
- /Users/fayaz.m/IdeaProjects/nulogic/nu-aura/frontend/node_modules/next/dist/server/require.js
- /Users/fayaz.m/IdeaProjects/nulogic/nu-aura/frontend/node_modules/next/dist/server/load-components.js
- /Users/fayaz.m/IdeaProjects/nulogic/nu-aura/frontend/node_modules/next/dist/build/utils.js
- /Users/fayaz.m/IdeaProjects/nulogic/nu-aura/frontend/node_modules/next/dist/server/dev/hot-middleware.js
- /Users/fayaz.m/IdeaProjects/nulogic/nu-aura/frontend/node_modules/next/dist/server/dev/hot-reloader-webpack.js
- /Users/fayaz.m/IdeaProjects/nulogic/nu-aura/frontend/node_modules/next/dist/server/lib/router-utils/setup-dev-bundler.js
- /Users/fayaz.m/IdeaProjects/nulogic/nu-aura/frontend/node_modules/next/dist/server/lib/router-server.js
- /Users/fayaz.m/IdeaProjects/nulogic/nu-aura/frontend/node_modules/next/dist/server/lib/start-server.js
    at Module._resolveFilename (node:internal/modules/cjs/loader:1447:15)
    at /Users/fayaz.m/IdeaProjects/nulogic/nu-aura/frontend/node_modules/next/dist/server/require-hook.js:55:36
    at defaultResolveImpl (node:internal/modules/cjs/loader:1058:19)
    at resolveForCJSWithHooks (node:internal/modules/cjs/loader:1063:22)
    at Module._load (node:internal/modules/cjs/loader:1233:25)
    at TracingChannel.traceSync (node:diagnostics_channel:328:14)
    at wrapModuleLoad (node:internal/modules/cjs/loader:245:24)
    at Module.require (node:internal/modules/cjs/loader:1547:12)
    at mod.require (/Users/fayaz.m/IdeaProjects/nulogic/nu-aura/frontend/node_modules/next/dist/server/require-hook.js:65:28)
    at require (node:internal/modules/helpers:152:16)
    at requirePage (/Users/fayaz.m/IdeaProjects/nulogic/nu-aura/frontend/node_modules/next/dist/server/require.js:109:84)
    at /Users/fayaz.m/IdeaProjects/nulogic/nu-aura/frontend/node_modules/next/dist/server/load-components.js:103:84
    at async loadComponentsImpl (/Users/fayaz.m/IdeaProjects/nulogic/nu-aura/frontend/node_modules/next/dist/server/load-components.js:103:26)
    at async DevServer.findPageComponentsImpl (/Users/fayaz.m/IdeaProjects/nulogic/nu-aura/frontend/node_modules/next/dist/server/next-server.js:714:36)
    at async DevServer.findPageComponents (/Users/fayaz.m/IdeaProjects/nulogic/nu-aura/frontend/node_modules/next/dist/server/dev/next-dev-server.js:577:20)
    at async DevServer.renderErrorToResponseImpl (/Users/fayaz.m/IdeaProjects/nulogic/nu-aura/frontend/node_modules/next/dist/server/base-server.js:2090:30)
    at async DevServer.pipeImpl (/Users/fayaz.m/IdeaProjects/nulogic/nu-aura/frontend/node_modules/next/dist/server/base-server.js:922:25)
    at async NextNodeServer.handleCatchallRenderRequest (/Users/fayaz.m/IdeaProjects/nulogic/nu-aura/frontend/node_modules/next/dist/server/next-server.js:272:17)
    at async DevServer.handleRequestImpl (/Users/fayaz.m/IdeaProjects/nulogic/nu-aura/frontend/node_modules/next/dist/server/base-server.js:818:17)
    at async /Users/fayaz.m/IdeaProjects/nulogic/nu-aura/frontend/node_modules/next/dist/server/dev/next-dev-server.js:339:20
    at async Span.traceAsyncFn (/Users/fayaz.m/IdeaProjects/nulogic/nu-aura/frontend/node_modules/next/dist/trace/trace.js:154:20)
    at async DevServer.handleRequest (/Users/fayaz.m/IdeaProjects/nulogic/nu-aura/frontend/node_modules/next/dist/server/dev/next-dev-server.js:336:24)
    at async invokeRender (/Users/fayaz.m/IdeaProjects/nulogic/nu-aura/frontend/node_modules/next/dist/server/lib/router-server.js:179:21)
    at async handleRequest (/Users/fayaz.m/IdeaProjects/nulogic/nu-aura/frontend/node_modules/next/dist/server/lib/router-server.js:359:24)
    at async requestHandlerImpl (/Users/fayaz.m/IdeaProjects/nulogic/nu-aura/frontend/node_modules/next/dist/server/lib/router-server.js:383:13)
    at async Server.requestListener (/Users/fayaz.m/IdeaProjects/nulogic/nu-aura/frontend/node_modules/next/dist/server/lib/start-server.js:141:13) {
  code: 'MODULE_NOT_FOUND',
  requireStack: [
    '/Users/fayaz.m/IdeaProjects/nulogic/nu-aura/frontend/node_modules/next/dist/server/require.js',
    '/Users/fayaz.m/IdeaProjects/nulogic/nu-aura/frontend/node_modules/next/dist/server/load-components.js',
    '/Users/fayaz.m/IdeaProjects/nulogic/nu-aura/frontend/node_modules/next/dist/build/utils.js',
    '/Users/fayaz.m/IdeaProjects/nulogic/nu-aura/frontend/node_modules/next/dist/server/dev/hot-middleware.js',
    '/Users/fayaz.m/IdeaProjects/nulogic/nu-aura/frontend/node_modules/next/dist/server/dev/hot-reloader-webpack.js',
    '/Users/fayaz.m/IdeaProjects/nulogic/nu-aura/frontend/node_modules/next/dist/server/lib/router-utils/setup-dev-bundler.js',
    '/Users/fayaz.m/IdeaProjects/nulogic/nu-aura/frontend/node_modules/next/dist/server/lib/router-server.js',
    '/Users/fayaz.m/IdeaProjects/nulogic/nu-aura/frontend/node_modules/next/dist/server/lib/start-server.js'
  ]
}
 GET /me/dashboard 500 in 1153ms
 ⨯ Error: Cannot find module '/Users/fayaz.m/IdeaProjects/nulogic/nu-aura/frontend/.next/server/app/_not-found/page.js'
Require stack:
- /Users/fayaz.m/IdeaProjects/nulogic/nu-aura/frontend/node_modules/next/dist/server/require.js
- /Users/fayaz.m/IdeaProjects/nulogic/nu-aura/frontend/node_modules/next/dist/server/load-components.js
- /Users/fayaz.m/IdeaProjects/nulogic/nu-aura/frontend/node_modules/next/dist/build/utils.js
- /Users/fayaz.m/IdeaProjects/nulogic/nu-aura/frontend/node_modules/next/dist/server/dev/hot-middleware.js
- /Users/fayaz.m/IdeaProjects/nulogic/nu-aura/frontend/node_modules/next/dist/server/dev/hot-reloader-webpack.js
- /Users/fayaz.m/IdeaProjects/nulogic/nu-aura/frontend/node_modules/next/dist/server/lib/router-utils/setup-dev-bundler.js
- /Users/fayaz.m/IdeaProjects/nulogic/nu-aura/frontend/node_modules/next/dist/server/lib/router-server.js
- /Users/fayaz.m/IdeaProjects/nulogic/nu-aura/frontend/node_modules/next/dist/server/lib/start-server.js
    at Module._resolveFilename (node:internal/modules/cjs/loader:1447:15)
    at /Users/fayaz.m/IdeaProjects/nulogic/nu-aura/frontend/node_modules/next/dist/server/require-hook.js:55:36
    at defaultResolveImpl (node:internal/modules/cjs/loader:1058:19)
    at resolveForCJSWithHooks (node:internal/modules/cjs/loader:1063:22)
    at Module._load (node:internal/modules/cjs/loader:1233:25)
    at TracingChannel.traceSync (node:diagnostics_channel:328:14)
    at wrapModuleLoad (node:internal/modules/cjs/loader:245:24)
    at Module.require (node:internal/modules/cjs/loader:1547:12)
    at mod.require (/Users/fayaz.m/IdeaProjects/nulogic/nu-aura/frontend/node_modules/next/dist/server/require-hook.js:65:28)
    at require (node:internal/modules/helpers:152:16)
    at requirePage (/Users/fayaz.m/IdeaProjects/nulogic/nu-aura/frontend/node_modules/next/dist/server/require.js:109:84)
    at /Users/fayaz.m/IdeaProjects/nulogic/nu-aura/frontend/node_modules/next/dist/server/load-components.js:103:84
    at async loadComponentsImpl (/Users/fayaz.m/IdeaProjects/nulogic/nu-aura/frontend/node_modules/next/dist/server/load-components.js:103:26)
    at async DevServer.findPageComponentsImpl (/Users/fayaz.m/IdeaProjects/nulogic/nu-aura/frontend/node_modules/next/dist/server/next-server.js:714:36)
    at async DevServer.findPageComponents (/Users/fayaz.m/IdeaProjects/nulogic/nu-aura/frontend/node_modules/next/dist/server/dev/next-dev-server.js:577:20)
    at async DevServer.renderErrorToResponseImpl (/Users/fayaz.m/IdeaProjects/nulogic/nu-aura/frontend/node_modules/next/dist/server/base-server.js:2090:30)
    at async DevServer.pipeImpl (/Users/fayaz.m/IdeaProjects/nulogic/nu-aura/frontend/node_modules/next/dist/server/base-server.js:922:25)
    at async NextNodeServer.handleCatchallRenderRequest (/Users/fayaz.m/IdeaProjects/nulogic/nu-aura/frontend/node_modules/next/dist/server/next-server.js:272:17)
    at async DevServer.handleRequestImpl (/Users/fayaz.m/IdeaProjects/nulogic/nu-aura/frontend/node_modules/next/dist/server/base-server.js:818:17)
    at async /Users/fayaz.m/IdeaProjects/nulogic/nu-aura/frontend/node_modules/next/dist/server/dev/next-dev-server.js:339:20
    at async Span.traceAsyncFn (/Users/fayaz.m/IdeaProjects/nulogic/nu-aura/frontend/node_modules/next/dist/trace/trace.js:154:20)
    at async DevServer.handleRequest (/Users/fayaz.m/IdeaProjects/nulogic/nu-aura/frontend/node_modules/next/dist/server/dev/next-dev-server.js:336:24)
    at async invokeRender (/Users/fayaz.m/IdeaProjects/nulogic/nu-aura/frontend/node_modules/next/dist/server/lib/router-server.js:179:21)
    at async handleRequest (/Users/fayaz.m/IdeaProjects/nulogic/nu-aura/frontend/node_modules/next/dist/server/lib/router-server.js:359:24)
    at async requestHandlerImpl (/Users/fayaz.m/IdeaProjects/nulogic/nu-aura/frontend/node_modules/next/dist/server/lib/router-server.js:383:13)
    at async Server.requestListener (/Users/fayaz.m/IdeaProjects/nulogic/nu-aura/frontend/node_modules/next/dist/server/lib/start-server.js:141:13) {
  code: 'MODULE_NOT_FOUND',
  requireStack: [
    '/Users/fayaz.m/IdeaProjects/nulogic/nu-aura/frontend/node_modules/next/dist/server/require.js',
    '/Users/fayaz.m/IdeaProjects/nulogic/nu-aura/frontend/node_modules/next/dist/server/load-components.js',
    '/Users/fayaz.m/IdeaProjects/nulogic/nu-aura/frontend/node_modules/next/dist/build/utils.js',
    '/Users/fayaz.m/IdeaProjects/nulogic/nu-aura/frontend/node_modules/next/dist/server/dev/hot-middleware.js',
    '/Users/fayaz.m/IdeaProjects/nulogic/nu-aura/frontend/node_modules/next/dist/server/dev/hot-reloader-webpack.js',
    '/Users/fayaz.m/IdeaProjects/nulogic/nu-aura/frontend/node_modules/next/dist/server/lib/router-utils/setup-dev-bundler.js',
    '/Users/fayaz.m/IdeaProjects/nulogic/nu-aura/frontend/node_modules/next/dist/server/lib/router-server.js',
    '/Users/fayaz.m/IdeaProjects/nulogic/nu-aura/frontend/node_modules/next/dist/server/lib/start-server.js'
  ]
}
 GET /me/dashboard 500 in 69ms
 ⨯ Error: Cannot find module '/Users/fayaz.m/IdeaProjects/nulogic/nu-aura/frontend/.next/server/app/_not-found/page.js'
Require stack:
- /Users/fayaz.m/IdeaProjects/nulogic/nu-aura/frontend/node_modules/next/dist/server/require.js
- /Users/fayaz.m/IdeaProjects/nulogic/nu-aura/frontend/node_modules/next/dist/server/load-components.js
- /Users/fayaz.m/IdeaProjects/nulogic/nu-aura/frontend/node_modules/next/dist/build/utils.js
- /Users/fayaz.m/IdeaProjects/nulogic/nu-aura/frontend/node_modules/next/dist/server/dev/hot-middleware.js
- /Users/fayaz.m/IdeaProjects/nulogic/nu-aura/frontend/node_modules/next/dist/server/dev/hot-reloader-webpack.js
- /Users/fayaz.m/IdeaProjects/nulogic/nu-aura/frontend/node_modules/next/dist/server/lib/router-utils/setup-dev-bundler.js
- /Users/fayaz.m/IdeaProjects/nulogic/nu-aura/frontend/node_modules/next/dist/server/lib/router-server.js
- /Users/fayaz.m/IdeaProjects/nulogic/nu-aura/frontend/node_modules/next/dist/server/lib/start-server.js
    at Module._resolveFilename (node:internal/modules/cjs/loader:1447:15)
    at /Users/fayaz.m/IdeaProjects/nulogic/nu-aura/frontend/node_modules/next/dist/server/require-hook.js:55:36
    at defaultResolveImpl (node:internal/modules/cjs/loader:1058:19)
    at resolveForCJSWithHooks (node:internal/modules/cjs/loader:1063:22)
    at Module._load (node:internal/modules/cjs/loader:1233:25)
    at TracingChannel.traceSync (node:diagnostics_channel:328:14)
    at wrapModuleLoad (node:internal/modules/cjs/loader:245:24)
    at Module.require (node:internal/modules/cjs/loader:1547:12)
    at mod.require (/Users/fayaz.m/IdeaProjects/nulogic/nu-aura/frontend/node_modules/next/dist/server/require-hook.js:65:28)
    at require (node:internal/modules/helpers:152:16)
    at requirePage (/Users/fayaz.m/IdeaProjects/nulogic/nu-aura/frontend/node_modules/next/dist/server/require.js:109:84)
    at /Users/fayaz.m/IdeaProjects/nulogic/nu-aura/frontend/node_modules/next/dist/server/load-components.js:103:84
    at async loadComponentsImpl (/Users/fayaz.m/IdeaProjects/nulogic/nu-aura/frontend/node_modules/next/dist/server/load-components.js:103:26)
    at async DevServer.findPageComponentsImpl (/Users/fayaz.m/IdeaProjects/nulogic/nu-aura/frontend/node_modules/next/dist/server/next-server.js:714:36)
    at async DevServer.findPageComponents (/Users/fayaz.m/IdeaProjects/nulogic/nu-aura/frontend/node_modules/next/dist/server/dev/next-dev-server.js:577:20)
    at async DevServer.renderErrorToResponseImpl (/Users/fayaz.m/IdeaProjects/nulogic/nu-aura/frontend/node_modules/next/dist/server/base-server.js:2090:30)
    at async DevServer.pipeImpl (/Users/fayaz.m/IdeaProjects/nulogic/nu-aura/frontend/node_modules/next/dist/server/base-server.js:922:25)
    at async NextNodeServer.handleCatchallRenderRequest (/Users/fayaz.m/IdeaProjects/nulogic/nu-aura/frontend/node_modules/next/dist/server/next-server.js:272:17)
    at async DevServer.handleRequestImpl (/Users/fayaz.m/IdeaProjects/nulogic/nu-aura/frontend/node_modules/next/dist/server/base-server.js:818:17)
    at async /Users/fayaz.m/IdeaProjects/nulogic/nu-aura/frontend/node_modules/next/dist/server/dev/next-dev-server.js:339:20
    at async Span.traceAsyncFn (/Users/fayaz.m/IdeaProjects/nulogic/nu-aura/frontend/node_modules/next/dist/trace/trace.js:154:20)
    at async DevServer.handleRequest (/Users/fayaz.m/IdeaProjects/nulogic/nu-aura/frontend/node_modules/next/dist/server/dev/next-dev-server.js:336:24)
    at async invokeRender (/Users/fayaz.m/IdeaProjects/nulogic/nu-aura/frontend/node_modules/next/dist/server/lib/router-server.js:179:21)
    at async handleRequest (/Users/fayaz.m/IdeaProjects/nulogic/nu-aura/frontend/node_modules/next/dist/server/lib/router-server.js:359:24)
    at async requestHandlerImpl (/Users/fayaz.m/IdeaProjects/nulogic/nu-aura/frontend/node_modules/next/dist/server/lib/router-server.js:383:13)
    at async Server.requestListener (/Users/fayaz.m/IdeaProjects/nulogic/nu-aura/frontend/node_modules/next/dist/server/lib/start-server.js:141:13) {
  code: 'MODULE_NOT_FOUND',
  requireStack: [
    '/Users/fayaz.m/IdeaProjects/nulogic/nu-aura/frontend/node_modules/next/dist/server/require.js',
    '/Users/fayaz.m/IdeaProjects/nulogic/nu-aura/frontend/node_modules/next/dist/server/load-components.js',
    '/Users/fayaz.m/IdeaProjects/nulogic/nu-aura/frontend/node_modules/next/dist/build/utils.js',
    '/Users/fayaz.m/IdeaProjects/nulogic/nu-aura/frontend/node_modules/next/dist/server/dev/hot-middleware.js',
    '/Users/fayaz.m/IdeaProjects/nulogic/nu-aura/frontend/node_modules/next/dist/server/dev/hot-reloader-webpack.js',
    '/Users/fayaz.m/IdeaProjects/nulogic/nu-aura/frontend/node_modules/next/dist/server/lib/router-utils/setup-dev-bundler.js',
    '/Users/fayaz.m/IdeaProjects/nulogic/nu-aura/frontend/node_modules/next/dist/server/lib/router-server.js',
    '/Users/fayaz.m/IdeaProjects/nulogic/nu-aura/frontend/node_modules/next/dist/server/lib/start-server.js'
  ]
}
 GET /me/dashboard 500 in 66ms
[?25h
